  Reading Qt configuration (D:/Qt/6.7.2/msvc2019_64/bin/qmake)
  moc mysql.h
  mysql.cpp
D:\C++\Qt\ChartWidget\Mysql\mysql.cpp(1,1): warning C4828: 文件包含在偏移 0x85 处开始的字符，该字符在当前源字符集中无效(代码页 65001)。
D:\C++\Qt\ChartWidget\Mysql\mysql.cpp(1,1): warning C4828: 文件包含在偏移 0x86 处开始的字符，该字符在当前源字符集中无效(代码页 65001)。
D:\C++\Qt\ChartWidget\Mysql\mysql.cpp(1,1): warning C4828: 文件包含在偏移 0x8a 处开始的字符，该字符在当前源字符集中无效(代码页 65001)。
D:\C++\Qt\ChartWidget\Mysql\mysql.cpp(1,1): warning C4828: 文件包含在偏移 0x8b 处开始的字符，该字符在当前源字符集中无效(代码页 65001)。
D:\C++\Qt\ChartWidget\Mysql\mysql.cpp(1,1): warning C4828: 文件包含在偏移 0x8d 处开始的字符，该字符在当前源字符集中无效(代码页 65001)。
D:\C++\Qt\ChartWidget\Mysql\mysql.cpp(1,1): warning C4828: 文件包含在偏移 0x90 处开始的字符，该字符在当前源字符集中无效(代码页 65001)。
D:\C++\Qt\ChartWidget\Mysql\mysql.cpp(1,1): warning C4828: 文件包含在偏移 0xb6 处开始的字符，该字符在当前源字符集中无效(代码页 65001)。
D:\C++\Qt\ChartWidget\Mysql\mysql.cpp(1,1): warning C4828: 文件包含在偏移 0xb7 处开始的字符，该字符在当前源字符集中无效(代码页 65001)。
D:\C++\Qt\ChartWidget\Mysql\mysql.cpp(1,1): warning C4828: 文件包含在偏移 0xbb 处开始的字符，该字符在当前源字符集中无效(代码页 65001)。
D:\C++\Qt\ChartWidget\Mysql\mysql.cpp(1,1): warning C4828: 文件包含在偏移 0xbe 处开始的字符，该字符在当前源字符集中无效(代码页 65001)。
D:\C++\Qt\ChartWidget\Mysql\mysql.cpp(1,1): warning C4828: 文件包含在偏移 0xbf 处开始的字符，该字符在当前源字符集中无效(代码页 65001)。
D:\C++\Qt\ChartWidget\Mysql\mysql.cpp(1,1): warning C4828: 文件包含在偏移 0xc0 处开始的字符，该字符在当前源字符集中无效(代码页 65001)。
D:\C++\Qt\ChartWidget\Mysql\mysql.cpp(1,1): warning C4828: 文件包含在偏移 0xc1 处开始的字符，该字符在当前源字符集中无效(代码页 65001)。
D:\C++\Qt\ChartWidget\Mysql\mysql.cpp(1,1): warning C4828: 文件包含在偏移 0xc2 处开始的字符，该字符在当前源字符集中无效(代码页 65001)。
D:\C++\Qt\ChartWidget\Mysql\mysql.cpp(1,1): warning C4828: 文件包含在偏移 0xc4 处开始的字符，该字符在当前源字符集中无效(代码页 65001)。
D:\C++\Qt\ChartWidget\Mysql\mysql.cpp(1,1): warning C4828: 文件包含在偏移 0xc5 处开始的字符，该字符在当前源字符集中无效(代码页 65001)。
D:\C++\Qt\ChartWidget\Mysql\mysql.cpp(1,1): warning C4828: 文件包含在偏移 0xca 处开始的字符，该字符在当前源字符集中无效(代码页 65001)。
D:\C++\Qt\ChartWidget\Mysql\mysql.cpp(1,1): warning C4828: 文件包含在偏移 0xcc 处开始的字符，该字符在当前源字符集中无效(代码页 65001)。
D:\C++\Qt\ChartWidget\Mysql\mysql.cpp(1,1): warning C4828: 文件包含在偏移 0xcf 处开始的字符，该字符在当前源字符集中无效(代码页 65001)。
D:\C++\Qt\ChartWidget\Mysql\mysql.cpp(1,1): warning C4828: 文件包含在偏移 0xd2 处开始的字符，该字符在当前源字符集中无效(代码页 65001)。
D:\C++\Qt\ChartWidget\Mysql\mysql.cpp(1,1): warning C4828: 文件包含在偏移 0xd3 处开始的字符，该字符在当前源字符集中无效(代码页 65001)。
D:\C++\Qt\ChartWidget\Mysql\mysql.cpp(1,1): warning C4828: 文件包含在偏移 0x11a 处开始的字符，该字符在当前源字符集中无效(代码页 65001)。
D:\C++\Qt\ChartWidget\Mysql\mysql.cpp(1,1): warning C4828: 文件包含在偏移 0x11c 处开始的字符，该字符在当前源字符集中无效(代码页 65001)。
D:\C++\Qt\ChartWidget\Mysql\mysql.cpp(1,1): warning C4828: 文件包含在偏移 0x145 处开始的字符，该字符在当前源字符集中无效(代码页 65001)。
D:\C++\Qt\ChartWidget\Mysql\mysql.cpp(1,1): warning C4828: 文件包含在偏移 0x147 处开始的字符，该字符在当前源字符集中无效(代码页 65001)。
D:\C++\Qt\ChartWidget\Mysql\mysql.cpp(1,1): warning C4828: 文件包含在偏移 0x149 处开始的字符，该字符在当前源字符集中无效(代码页 65001)。
D:\C++\Qt\ChartWidget\Mysql\mysql.cpp(1,1): warning C4828: 文件包含在偏移 0x14e 处开始的字符，该字符在当前源字符集中无效(代码页 65001)。
D:\C++\Qt\ChartWidget\Mysql\mysql.cpp(1,1): warning C4828: 文件包含在偏移 0x169 处开始的字符，该字符在当前源字符集中无效(代码页 65001)。
D:\C++\Qt\ChartWidget\Mysql\mysql.cpp(1,1): warning C4828: 文件包含在偏移 0x16b 处开始的字符，该字符在当前源字符集中无效(代码页 65001)。
D:\C++\Qt\ChartWidget\Mysql\mysql.cpp(1,1): warning C4828: 文件包含在偏移 0x16d 处开始的字符，该字符在当前源字符集中无效(代码页 65001)。
D:\C++\Qt\ChartWidget\Mysql\mysql.cpp(1,1): warning C4828: 文件包含在偏移 0x16e 处开始的字符，该字符在当前源字符集中无效(代码页 65001)。
D:\C++\Qt\ChartWidget\Mysql\mysql.cpp(1,1): warning C4828: 文件包含在偏移 0x16f 处开始的字符，该字符在当前源字符集中无效(代码页 65001)。
D:\C++\Qt\ChartWidget\Mysql\mysql.cpp(1,1): warning C4828: 文件包含在偏移 0x170 处开始的字符，该字符在当前源字符集中无效(代码页 65001)。
D:\C++\Qt\ChartWidget\Mysql\mysql.cpp(1,1): warning C4828: 文件包含在偏移 0x172 处开始的字符，该字符在当前源字符集中无效(代码页 65001)。
D:\C++\Qt\ChartWidget\Mysql\mysql.cpp(1,1): warning C4828: 文件包含在偏移 0x173 处开始的字符，该字符在当前源字符集中无效(代码页 65001)。
D:\C++\Qt\ChartWidget\Mysql\mysql.cpp(1,1): warning C4828: 文件包含在偏移 0x176 处开始的字符，该字符在当前源字符集中无效(代码页 65001)。
D:\C++\Qt\ChartWidget\Mysql\mysql.cpp(1,1): warning C4828: 文件包含在偏移 0x19f 处开始的字符，该字符在当前源字符集中无效(代码页 65001)。
D:\C++\Qt\ChartWidget\Mysql\mysql.cpp(1,1): warning C4828: 文件包含在偏移 0x1a1 处开始的字符，该字符在当前源字符集中无效(代码页 65001)。
D:\C++\Qt\ChartWidget\Mysql\mysql.cpp(1,1): warning C4828: 文件包含在偏移 0x1a3 处开始的字符，该字符在当前源字符集中无效(代码页 65001)。
D:\C++\Qt\ChartWidget\Mysql\mysql.cpp(1,1): warning C4828: 文件包含在偏移 0x1a5 处开始的字符，该字符在当前源字符集中无效(代码页 65001)。
D:\C++\Qt\ChartWidget\Mysql\mysql.cpp(1,1): warning C4828: 文件包含在偏移 0x1a6 处开始的字符，该字符在当前源字符集中无效(代码页 65001)。
D:\C++\Qt\ChartWidget\Mysql\mysql.cpp(1,1): warning C4828: 文件包含在偏移 0x1a7 处开始的字符，该字符在当前源字符集中无效(代码页 65001)。
D:\C++\Qt\ChartWidget\Mysql\mysql.cpp(1,1): warning C4828: 文件包含在偏移 0x1c9 处开始的字符，该字符在当前源字符集中无效(代码页 65001)。
D:\C++\Qt\ChartWidget\Mysql\mysql.cpp(1,1): warning C4828: 文件包含在偏移 0x1cb 处开始的字符，该字符在当前源字符集中无效(代码页 65001)。
D:\C++\Qt\ChartWidget\Mysql\mysql.cpp(1,1): warning C4828: 文件包含在偏移 0x1cd 处开始的字符，该字符在当前源字符集中无效(代码页 65001)。
D:\C++\Qt\ChartWidget\Mysql\mysql.cpp(1,1): warning C4828: 文件包含在偏移 0x1cf 处开始的字符，该字符在当前源字符集中无效(代码页 65001)。
D:\C++\Qt\ChartWidget\Mysql\mysql.cpp(1,1): warning C4828: 文件包含在偏移 0x1d0 处开始的字符，该字符在当前源字符集中无效(代码页 65001)。
D:\C++\Qt\ChartWidget\Mysql\mysql.cpp(1,1): warning C4828: 文件包含在偏移 0x1d1 处开始的字符，该字符在当前源字符集中无效(代码页 65001)。
D:\C++\Qt\ChartWidget\Mysql\mysql.cpp(1,1): warning C4828: 文件包含在偏移 0x1d3 处开始的字符，该字符在当前源字符集中无效(代码页 65001)。
D:\C++\Qt\ChartWidget\Mysql\mysql.cpp(1,1): warning C4828: 文件包含在偏移 0x201 处开始的字符，该字符在当前源字符集中无效(代码页 65001)。
D:\C++\Qt\ChartWidget\Mysql\mysql.cpp(1,1): warning C4828: 文件包含在偏移 0x203 处开始的字符，该字符在当前源字符集中无效(代码页 65001)。
D:\C++\Qt\ChartWidget\Mysql\mysql.cpp(1,1): warning C4828: 文件包含在偏移 0x204 处开始的字符，该字符在当前源字符集中无效(代码页 65001)。
D:\C++\Qt\ChartWidget\Mysql\mysql.cpp(1,1): warning C4828: 文件包含在偏移 0x206 处开始的字符，该字符在当前源字符集中无效(代码页 65001)。
D:\C++\Qt\ChartWidget\Mysql\mysql.cpp(1,1): warning C4828: 文件包含在偏移 0x207 处开始的字符，该字符在当前源字符集中无效(代码页 65001)。
D:\C++\Qt\ChartWidget\Mysql\mysql.cpp(1,1): warning C4828: 文件包含在偏移 0x20a 处开始的字符，该字符在当前源字符集中无效(代码页 65001)。
D:\C++\Qt\ChartWidget\Mysql\mysql.cpp(1,1): warning C4828: 文件包含在偏移 0x20d 处开始的字符，该字符在当前源字符集中无效(代码页 65001)。
D:\C++\Qt\ChartWidget\Mysql\mysql.cpp(1,1): warning C4828: 文件包含在偏移 0x20e 处开始的字符，该字符在当前源字符集中无效(代码页 65001)。
D:\C++\Qt\ChartWidget\Mysql\mysql.cpp(1,1): warning C4828: 文件包含在偏移 0x212 处开始的字符，该字符在当前源字符集中无效(代码页 65001)。
D:\C++\Qt\ChartWidget\Mysql\mysql.cpp(1,1): warning C4828: 文件包含在偏移 0x213 处开始的字符，该字符在当前源字符集中无效(代码页 65001)。
D:\C++\Qt\ChartWidget\Mysql\mysql.cpp(1,1): warning C4828: 文件包含在偏移 0x216 处开始的字符，该字符在当前源字符集中无效(代码页 65001)。
D:\C++\Qt\ChartWidget\Mysql\mysql.cpp(1,1): warning C4828: 文件包含在偏移 0x274 处开始的字符，该字符在当前源字符集中无效(代码页 65001)。
D:\C++\Qt\ChartWidget\Mysql\mysql.cpp(1,1): warning C4828: 文件包含在偏移 0x276 处开始的字符，该字符在当前源字符集中无效(代码页 65001)。
D:\C++\Qt\ChartWidget\Mysql\mysql.cpp(1,1): warning C4828: 文件包含在偏移 0x279 处开始的字符，该字符在当前源字符集中无效(代码页 65001)。
D:\C++\Qt\ChartWidget\Mysql\mysql.cpp(1,1): warning C4828: 文件包含在偏移 0x27c 处开始的字符，该字符在当前源字符集中无效(代码页 65001)。
D:\C++\Qt\ChartWidget\Mysql\mysql.cpp(1,1): warning C4828: 文件包含在偏移 0x27f 处开始的字符，该字符在当前源字符集中无效(代码页 65001)。
D:\C++\Qt\ChartWidget\Mysql\mysql.cpp(1,1): warning C4828: 文件包含在偏移 0x286 处开始的字符，该字符在当前源字符集中无效(代码页 65001)。
D:\C++\Qt\ChartWidget\Mysql\mysql.cpp(1,1): warning C4828: 文件包含在偏移 0x288 处开始的字符，该字符在当前源字符集中无效(代码页 65001)。
D:\C++\Qt\ChartWidget\Mysql\mysql.cpp(1,1): warning C4828: 文件包含在偏移 0x28b 处开始的字符，该字符在当前源字符集中无效(代码页 65001)。
D:\C++\Qt\ChartWidget\Mysql\mysql.cpp(1,1): warning C4828: 文件包含在偏移 0x28e 处开始的字符，该字符在当前源字符集中无效(代码页 65001)。
D:\C++\Qt\ChartWidget\Mysql\mysql.cpp(1,1): warning C4828: 文件包含在偏移 0x291 处开始的字符，该字符在当前源字符集中无效(代码页 65001)。
D:\C++\Qt\ChartWidget\Mysql\mysql.cpp(1,1): warning C4828: 文件包含在偏移 0x294 处开始的字符，该字符在当前源字符集中无效(代码页 65001)。
D:\C++\Qt\ChartWidget\Mysql\mysql.cpp(1,1): warning C4828: 文件包含在偏移 0x295 处开始的字符，该字符在当前源字符集中无效(代码页 65001)。
D:\C++\Qt\ChartWidget\Mysql\mysql.cpp(1,1): warning C4828: 文件包含在偏移 0x296 处开始的字符，该字符在当前源字符集中无效(代码页 65001)。
D:\C++\Qt\ChartWidget\Mysql\mysql.cpp(1,1): warning C4828: 文件包含在偏移 0x298 处开始的字符，该字符在当前源字符集中无效(代码页 65001)。
D:\C++\Qt\ChartWidget\Mysql\mysql.cpp(1,1): warning C4828: 文件包含在偏移 0x29a 处开始的字符，该字符在当前源字符集中无效(代码页 65001)。
D:\C++\Qt\ChartWidget\Mysql\mysql.cpp(1,1): warning C4828: 文件包含在偏移 0x2c0 处开始的字符，该字符在当前源字符集中无效(代码页 65001)。
D:\C++\Qt\ChartWidget\Mysql\mysql.cpp(1,1): warning C4828: 文件包含在偏移 0x2c1 处开始的字符，该字符在当前源字符集中无效(代码页 65001)。
D:\C++\Qt\ChartWidget\Mysql\mysql.cpp(1,1): warning C4828: 文件包含在偏移 0x2c2 处开始的字符，该字符在当前源字符集中无效(代码页 65001)。
D:\C++\Qt\ChartWidget\Mysql\mysql.cpp(1,1): warning C4828: 文件包含在偏移 0x2c3 处开始的字符，该字符在当前源字符集中无效(代码页 65001)。
D:\C++\Qt\ChartWidget\Mysql\mysql.cpp(1,1): warning C4828: 文件包含在偏移 0x2c5 处开始的字符，该字符在当前源字符集中无效(代码页 65001)。
D:\C++\Qt\ChartWidget\Mysql\mysql.cpp(1,1): warning C4828: 文件包含在偏移 0x2c6 处开始的字符，该字符在当前源字符集中无效(代码页 65001)。
D:\C++\Qt\ChartWidget\Mysql\mysql.cpp(1,1): warning C4828: 文件包含在偏移 0x2c9 处开始的字符，该字符在当前源字符集中无效(代码页 65001)。
D:\C++\Qt\ChartWidget\Mysql\mysql.cpp(1,1): warning C4828: 文件包含在偏移 0x2cc 处开始的字符，该字符在当前源字符集中无效(代码页 65001)。
D:\C++\Qt\ChartWidget\Mysql\mysql.cpp(1,1): warning C4828: 文件包含在偏移 0x2cd 处开始的字符，该字符在当前源字符集中无效(代码页 65001)。
D:\C++\Qt\ChartWidget\Mysql\mysql.cpp(1,1): warning C4828: 文件包含在偏移 0x2da 处开始的字符，该字符在当前源字符集中无效(代码页 65001)。
D:\C++\Qt\ChartWidget\Mysql\mysql.cpp(1,1): warning C4828: 文件包含在偏移 0x2db 处开始的字符，该字符在当前源字符集中无效(代码页 65001)。
D:\C++\Qt\ChartWidget\Mysql\mysql.cpp(1,1): warning C4828: 文件包含在偏移 0x2de 处开始的字符，该字符在当前源字符集中无效(代码页 65001)。
D:\C++\Qt\ChartWidget\Mysql\mysql.cpp(1,1): warning C4828: 文件包含在偏移 0x2e0 处开始的字符，该字符在当前源字符集中无效(代码页 65001)。
D:\C++\Qt\ChartWidget\Mysql\mysql.cpp(1,1): warning C4828: 文件包含在偏移 0x2e3 处开始的字符，该字符在当前源字符集中无效(代码页 65001)。
D:\C++\Qt\ChartWidget\Mysql\mysql.cpp(1,1): warning C4828: 文件包含在偏移 0x2e6 处开始的字符，该字符在当前源字符集中无效(代码页 65001)。
D:\C++\Qt\ChartWidget\Mysql\mysql.cpp(1,1): warning C4828: 文件包含在偏移 0x2ea 处开始的字符，该字符在当前源字符集中无效(代码页 65001)。
D:\C++\Qt\ChartWidget\Mysql\mysql.h(1,1): warning C4828: 文件包含在偏移 0x1d4 处开始的字符，该字符在当前源字符集中无效(代码页 65001)。
D:\C++\Qt\ChartWidget\Mysql\mysql.h(1,1): warning C4828: 文件包含在偏移 0x1d6 处开始的字符，该字符在当前源字符集中无效(代码页 65001)。
D:\C++\Qt\ChartWidget\Mysql\mysql.h(1,1): warning C4828: 文件包含在偏移 0x1d9 处开始的字符，该字符在当前源字符集中无效(代码页 65001)。
D:\C++\Qt\ChartWidget\Mysql\mysql.h(1,1): warning C4828: 文件包含在偏移 0x1dc 处开始的字符，该字符在当前源字符集中无效(代码页 65001)。
D:\C++\Qt\ChartWidget\Mysql\mysql.h(1,1): warning C4828: 文件包含在偏移 0x1e0 处开始的字符，该字符在当前源字符集中无效(代码页 65001)。
D:\C++\Qt\ChartWidget\Mysql\mysql.h(1,1): warning C4828: 文件包含在偏移 0x203 处开始的字符，该字符在当前源字符集中无效(代码页 65001)。
D:\C++\Qt\ChartWidget\Mysql\mysql.h(1,1): warning C4828: 文件包含在偏移 0x204 处开始的字符，该字符在当前源字符集中无效(代码页 65001)。
D:\C++\Qt\ChartWidget\Mysql\mysql.h(1,1): warning C4828: 文件包含在偏移 0x207 处开始的字符，该字符在当前源字符集中无效(代码页 65001)。
D:\C++\Qt\ChartWidget\Mysql\mysql.h(1,1): warning C4828: 文件包含在偏移 0x209 处开始的字符，该字符在当前源字符集中无效(代码页 65001)。
D:\C++\Qt\ChartWidget\Mysql\mysql.h(1,1): warning C4828: 文件包含在偏移 0x20c 处开始的字符，该字符在当前源字符集中无效(代码页 65001)。
D:\C++\Qt\ChartWidget\Mysql\mysql.h(1,1): warning C4828: 文件包含在偏移 0x20f 处开始的字符，该字符在当前源字符集中无效(代码页 65001)。
D:\C++\Qt\ChartWidget\Mysql\mysql.h(1,1): warning C4828: 文件包含在偏移 0x213 处开始的字符，该字符在当前源字符集中无效(代码页 65001)。
  moc_mysql.cpp
D:\C++\Qt\ChartWidget\Mysql\mysql.h(1,1): warning C4828: 文件包含在偏移 0x1d4 处开始的字符，该字符在当前源字符集中无效(代码页 65001)。
D:\C++\Qt\ChartWidget\Mysql\mysql.h(1,1): warning C4828: 文件包含在偏移 0x1d6 处开始的字符，该字符在当前源字符集中无效(代码页 65001)。
D:\C++\Qt\ChartWidget\Mysql\mysql.h(1,1): warning C4828: 文件包含在偏移 0x1d9 处开始的字符，该字符在当前源字符集中无效(代码页 65001)。
D:\C++\Qt\ChartWidget\Mysql\mysql.h(1,1): warning C4828: 文件包含在偏移 0x1dc 处开始的字符，该字符在当前源字符集中无效(代码页 65001)。
D:\C++\Qt\ChartWidget\Mysql\mysql.h(1,1): warning C4828: 文件包含在偏移 0x1e0 处开始的字符，该字符在当前源字符集中无效(代码页 65001)。
D:\C++\Qt\ChartWidget\Mysql\mysql.h(1,1): warning C4828: 文件包含在偏移 0x203 处开始的字符，该字符在当前源字符集中无效(代码页 65001)。
D:\C++\Qt\ChartWidget\Mysql\mysql.h(1,1): warning C4828: 文件包含在偏移 0x204 处开始的字符，该字符在当前源字符集中无效(代码页 65001)。
D:\C++\Qt\ChartWidget\Mysql\mysql.h(1,1): warning C4828: 文件包含在偏移 0x207 处开始的字符，该字符在当前源字符集中无效(代码页 65001)。
D:\C++\Qt\ChartWidget\Mysql\mysql.h(1,1): warning C4828: 文件包含在偏移 0x209 处开始的字符，该字符在当前源字符集中无效(代码页 65001)。
D:\C++\Qt\ChartWidget\Mysql\mysql.h(1,1): warning C4828: 文件包含在偏移 0x20c 处开始的字符，该字符在当前源字符集中无效(代码页 65001)。
D:\C++\Qt\ChartWidget\Mysql\mysql.h(1,1): warning C4828: 文件包含在偏移 0x20f 处开始的字符，该字符在当前源字符集中无效(代码页 65001)。
D:\C++\Qt\ChartWidget\Mysql\mysql.h(1,1): warning C4828: 文件包含在偏移 0x213 处开始的字符，该字符在当前源字符集中无效(代码页 65001)。
  Mysql.vcxproj -> D:\C++\Qt\ChartWidget\x64\Debug\Mysql.dll
