d:\c\c++project\chartwidget\mysql\x64\debug\vc143.pdb
d:\c\c++project\chartwidget\mysql\x64\debug\vc143.idb
d:\c\c++project\chartwidget\mysql\x64\debug\mysql.obj
d:\c\c++project\chartwidget\mysql\x64\debug\moc_mysql.obj
d:\c\c++project\chartwidget\x64\debug\mysql.dll
d:\c\c++project\chartwidget\x64\debug\mysql.pdb
d:\c\c++project\chartwidget\mysql\x64\debug\moc\moc_mysql.cpp
d:\c\c++project\chartwidget\x64\debug\mysql.lib
d:\c\c++project\chartwidget\x64\debug\mysql.exp
d:\c\c++project\chartwidget\mysql\x64\debug\mysql.tlog\cl.command.1.tlog
d:\c\c++project\chartwidget\mysql\x64\debug\mysql.tlog\cl.items.tlog
d:\c\c++project\chartwidget\mysql\x64\debug\mysql.tlog\cl.read.1.tlog
d:\c\c++project\chartwidget\mysql\x64\debug\mysql.tlog\cl.write.1.tlog
d:\c\c++project\chartwidget\mysql\x64\debug\mysql.tlog\link.command.1.tlog
d:\c\c++project\chartwidget\mysql\x64\debug\mysql.tlog\link.read.1.tlog
d:\c\c++project\chartwidget\mysql\x64\debug\mysql.tlog\link.secondary.1.tlog
d:\c\c++project\chartwidget\mysql\x64\debug\mysql.tlog\link.write.1.tlog
d:\c\c++project\chartwidget\mysql\x64\debug\mysql.tlog\moc.read.1u.tlog
d:\c\c++project\chartwidget\mysql\x64\debug\mysql.tlog\moc.write.1u.tlog
d:\c\c++project\chartwidget\mysql\x64\debug\mysql.tlog\mysql.write.1u.tlog
