d:\c\c++project\chart\chartwidget\x64\release\uic\ui_mainwindows.h
d:\c\c++project\chart\chartwidget\x64\release\uic\ui_regist_windows.h
d:\c\c++project\chart\chartwidget\x64\release\uic\ui_login.h
d:\c\c++project\chart\chartwidget\x64\release\uic\ui_usermanager.h
d:\c\c++project\chart\chartwidget\x64\release\rcc\qrc_login.cpp
d:\c\c++project\chart\chartwidget\x64\release\moc\moc_login.cpp
d:\c\c++project\chart\chartwidget\x64\release\moc\moc_regist_windows.cpp
d:\c\c++project\chart\chartwidget\x64\release\moc\moc_mainwindow.cpp
d:\c\c++project\chart\chartwidget\x64\release\moc\moc_usermanager.cpp
d:\c\c++project\chart\chartwidget\x64\release\vc143.pdb
d:\c\c++project\chart\chartwidget\x64\release\qrc_login.obj
d:\c\c++project\chart\chartwidget\x64\release\main.obj
d:\c\c++project\chart\chartwidget\x64\release\regist_windows.obj
d:\c\c++project\chart\chartwidget\x64\release\mainwindow.obj
d:\c\c++project\chart\chartwidget\x64\release\usermanager.obj
d:\c\c++project\chart\chartwidget\x64\release\login.obj
d:\c\c++project\chart\chartwidget\x64\release\moc_regist_windows.obj
d:\c\c++project\chart\chartwidget\x64\release\moc_login.obj
d:\c\c++project\chart\chartwidget\x64\release\moc_mainwindow.obj
d:\c\c++project\chart\chartwidget\x64\release\moc_usermanager.obj
d:\c\c++project\chart\chartwidget\bin\release\chartwidget.exe
d:\c\c++project\chart\chartwidget\x64\release\chartwidget.ipdb
d:\c\c++project\chart\chartwidget\x64\release\chartwidget.iobj
d:\c\c++project\chart\chartwidget\x64\release\mysql.exp
d:\c\c++project\chart\chartwidget\x64\release\chartwidget.tlog\chartwidget.write.1u.tlog
d:\c\c++project\chart\chartwidget\x64\release\chartwidget.tlog\cl.command.1.tlog
d:\c\c++project\chart\chartwidget\x64\release\chartwidget.tlog\cl.items.tlog
d:\c\c++project\chart\chartwidget\x64\release\chartwidget.tlog\cl.read.1.tlog
d:\c\c++project\chart\chartwidget\x64\release\chartwidget.tlog\cl.write.1.tlog
d:\c\c++project\chart\chartwidget\x64\release\chartwidget.tlog\link.command.1.tlog
d:\c\c++project\chart\chartwidget\x64\release\chartwidget.tlog\link.read.1.tlog
d:\c\c++project\chart\chartwidget\x64\release\chartwidget.tlog\link.secondary.1.tlog
d:\c\c++project\chart\chartwidget\x64\release\chartwidget.tlog\link.write.1.tlog
d:\c\c++project\chart\chartwidget\x64\release\chartwidget.tlog\moc.read.1u.tlog
d:\c\c++project\chart\chartwidget\x64\release\chartwidget.tlog\moc.write.1u.tlog
d:\c\c++project\chart\chartwidget\x64\release\chartwidget.tlog\rcc.read.1u.tlog
d:\c\c++project\chart\chartwidget\x64\release\chartwidget.tlog\rcc.write.1u.tlog
d:\c\c++project\chart\chartwidget\x64\release\chartwidget.tlog\uic.read.1u.tlog
d:\c\c++project\chart\chartwidget\x64\release\chartwidget.tlog\uic.write.1u.tlog
