d:\c\c++project\chart\chartwidget\x64\debug\uic\ui_mainwindows.h
d:\c\c++project\chart\chartwidget\x64\debug\uic\ui_regist_windows.h
d:\c\c++project\chart\chartwidget\x64\debug\uic\ui_login.h
d:\c\c++project\chart\chartwidget\x64\debug\uic\ui_usermanager.h
d:\c\c++project\chart\chartwidget\x64\debug\rcc\qrc_login.cpp
d:\c\c++project\chart\chartwidget\x64\debug\moc\moc_login.cpp
d:\c\c++project\chart\chartwidget\x64\debug\moc\moc_regist_windows.cpp
d:\c\c++project\chart\chartwidget\x64\debug\moc\moc_mainwindow.cpp
d:\c\c++project\chart\chartwidget\x64\debug\moc\moc_usermanager.cpp
d:\c\c++project\chart\chartwidget\x64\debug\vc143.pdb
d:\c\c++project\chart\chartwidget\x64\debug\vc143.idb
d:\c\c++project\chart\chartwidget\x64\debug\qrc_login.obj
d:\c\c++project\chart\chartwidget\x64\debug\mainwindow.obj
d:\c\c++project\chart\chartwidget\x64\debug\main.obj
d:\c\c++project\chart\chartwidget\x64\debug\usermanager.obj
d:\c\c++project\chart\chartwidget\x64\debug\login.obj
d:\c\c++project\chart\chartwidget\x64\debug\regist_windows.obj
d:\c\c++project\chart\chartwidget\x64\debug\moc_login.obj
d:\c\c++project\chart\chartwidget\x64\debug\moc_mainwindow.obj
d:\c\c++project\chart\chartwidget\x64\debug\moc_usermanager.obj
d:\c\c++project\chart\chartwidget\x64\debug\moc_regist_windows.obj
d:\c\c++project\chart\chartwidget\bin\debug\chartwidget.exe
d:\c\c++project\chart\chartwidget\bin\debug\chartwidget.pdb
d:\c\c++project\chart\chartwidget\bin\debug\chartwidget.lib
d:\c\c++project\chart\chartwidget\x64\debug\chartwidget.tlog\chartwidget.write.1u.tlog
d:\c\c++project\chart\chartwidget\x64\debug\chartwidget.tlog\cl.command.1.tlog
d:\c\c++project\chart\chartwidget\x64\debug\chartwidget.tlog\cl.items.tlog
d:\c\c++project\chart\chartwidget\x64\debug\chartwidget.tlog\cl.read.1.tlog
d:\c\c++project\chart\chartwidget\x64\debug\chartwidget.tlog\cl.write.1.tlog
d:\c\c++project\chart\chartwidget\x64\debug\chartwidget.tlog\link.command.1.tlog
d:\c\c++project\chart\chartwidget\x64\debug\chartwidget.tlog\link.read.1.tlog
d:\c\c++project\chart\chartwidget\x64\debug\chartwidget.tlog\link.secondary.1.tlog
d:\c\c++project\chart\chartwidget\x64\debug\chartwidget.tlog\link.write.1.tlog
d:\c\c++project\chart\chartwidget\x64\debug\chartwidget.tlog\moc.read.1u.tlog
d:\c\c++project\chart\chartwidget\x64\debug\chartwidget.tlog\moc.write.1u.tlog
d:\c\c++project\chart\chartwidget\x64\debug\chartwidget.tlog\rcc.read.1u.tlog
d:\c\c++project\chart\chartwidget\x64\debug\chartwidget.tlog\rcc.write.1u.tlog
d:\c\c++project\chart\chartwidget\x64\debug\chartwidget.tlog\uic.read.1u.tlog
d:\c\c++project\chart\chartwidget\x64\debug\chartwidget.tlog\uic.write.1u.tlog
