  moc login.h
  login.cpp
  main.cpp
D:\C++\Qt\ChartWidget\login.cpp(1,1): warning C4828: 文件包含在偏移 0x170 处开始的字符，该字符在当前源字符集中无效(代码页 65001)。
D:\C++\Qt\ChartWidget\login.h(1,1): warning C4828: 文件包含在偏移 0x1af 处开始的字符，该字符在当前源字符集中无效(代码页 65001)。
D:\C++\Qt\ChartWidget\login.cpp(1,1): warning C4828: 文件包含在偏移 0x171 处开始的字符，该字符在当前源字符集中无效(代码页 65001)。
D:\C++\Qt\ChartWidget\login.h(1,1): warning C4828: 文件包含在偏移 0x1b0 处开始的字符，该字符在当前源字符集中无效(代码页 65001)。
D:\C++\Qt\ChartWidget\login.cpp(1,1): warning C4828: 文件包含在偏移 0x173 处开始的字符，该字符在当前源字符集中无效(代码页 65001)。
D:\C++\Qt\ChartWidget\login.h(1,1): warning C4828: 文件包含在偏移 0x1b2 处开始的字符，该字符在当前源字符集中无效(代码页 65001)。
D:\C++\Qt\ChartWidget\login.cpp(1,1): warning C4828: 文件包含在偏移 0x294 处开始的字符，该字符在当前源字符集中无效(代码页 65001)。
D:\C++\Qt\ChartWidget\login.h(1,1): warning C4828: 文件包含在偏移 0x1b3 处开始的字符，该字符在当前源字符集中无效(代码页 65001)。
D:\C++\Qt\ChartWidget\login.cpp(1,1): warning C4828: 文件包含在偏移 0x295 处开始的字符，该字符在当前源字符集中无效(代码页 65001)。
D:\C++\Qt\ChartWidget\login.h(1,1): warning C4828: 文件包含在偏移 0x1b6 处开始的字符，该字符在当前源字符集中无效(代码页 65001)。
D:\C++\Qt\ChartWidget\login.h(1,1): warning C4828: 文件包含在偏移 0x1b7 处开始的字符，该字符在当前源字符集中无效(代码页 65001)。
D:\C++\Qt\ChartWidget\login.h(1,1): warning C4828: 文件包含在偏移 0x1d7 处开始的字符，该字符在当前源字符集中无效(代码页 65001)。
D:\C++\Qt\ChartWidget\login.h(1,1): warning C4828: 文件包含在偏移 0x1af 处开始的字符，该字符在当前源字符集中无效(代码页 65001)。
D:\C++\Qt\ChartWidget\login.h(1,1): warning C4828: 文件包含在偏移 0x1d8 处开始的字符，该字符在当前源字符集中无效(代码页 65001)。
D:\C++\Qt\ChartWidget\login.h(1,1): warning C4828: 文件包含在偏移 0x1b0 处开始的字符，该字符在当前源字符集中无效(代码页 65001)。
D:\C++\Qt\ChartWidget\login.h(1,1): warning C4828: 文件包含在偏移 0x1db 处开始的字符，该字符在当前源字符集中无效(代码页 65001)。
D:\C++\Qt\ChartWidget\login.h(1,1): warning C4828: 文件包含在偏移 0x1dc 处开始的字符，该字符在当前源字符集中无效(代码页 65001)。
D:\C++\Qt\ChartWidget\login.h(1,1): warning C4828: 文件包含在偏移 0x1b2 处开始的字符，该字符在当前源字符集中无效(代码页 65001)。
D:\C++\Qt\ChartWidget\login.h(1,1): warning C4828: 文件包含在偏移 0x1dd 处开始的字符，该字符在当前源字符集中无效(代码页 65001)。
D:\C++\Qt\ChartWidget\login.h(1,1): warning C4828: 文件包含在偏移 0x1b3 处开始的字符，该字符在当前源字符集中无效(代码页 65001)。
D:\C++\Qt\ChartWidget\login.h(1,1): warning C4828: 文件包含在偏移 0x1b6 处开始的字符，该字符在当前源字符集中无效(代码页 65001)。
D:\C++\Qt\ChartWidget\login.h(1,1): warning C4828: 文件包含在偏移 0x1b7 处开始的字符，该字符在当前源字符集中无效(代码页 65001)。
D:\C++\Qt\ChartWidget\login.h(1,1): warning C4828: 文件包含在偏移 0x1d7 处开始的字符，该字符在当前源字符集中无效(代码页 65001)。
D:\C++\Qt\ChartWidget\login.h(1,1): warning C4828: 文件包含在偏移 0x1d8 处开始的字符，该字符在当前源字符集中无效(代码页 65001)。
D:\C++\Qt\ChartWidget\login.h(1,1): warning C4828: 文件包含在偏移 0x1db 处开始的字符，该字符在当前源字符集中无效(代码页 65001)。
D:\C++\Qt\ChartWidget\login.h(1,1): warning C4828: 文件包含在偏移 0x1dc 处开始的字符，该字符在当前源字符集中无效(代码页 65001)。
D:\C++\Qt\ChartWidget\login.h(1,1): warning C4828: 文件包含在偏移 0x1dd 处开始的字符，该字符在当前源字符集中无效(代码页 65001)。
D:\C++\Qt\ChartWidget\Mysql\mysql.h(1,1): warning C4828: 文件包含在偏移 0x1ec 处开始的字符，该字符在当前源字符集中无效(代码页 65001)。
D:\C++\Qt\ChartWidget\Mysql\mysql.h(1,1): warning C4828: 文件包含在偏移 0x1ee 处开始的字符，该字符在当前源字符集中无效(代码页 65001)。
D:\C++\Qt\ChartWidget\Mysql\mysql.h(1,1): warning C4828: 文件包含在偏移 0x1f1 处开始的字符，该字符在当前源字符集中无效(代码页 65001)。
D:\C++\Qt\ChartWidget\Mysql\mysql.h(1,1): warning C4828: 文件包含在偏移 0x1f4 处开始的字符，该字符在当前源字符集中无效(代码页 65001)。
D:\C++\Qt\ChartWidget\Mysql\mysql.h(1,1): warning C4828: 文件包含在偏移 0x1f8 处开始的字符，该字符在当前源字符集中无效(代码页 65001)。
D:\C++\Qt\ChartWidget\Mysql\mysql.h(1,1): warning C4828: 文件包含在偏移 0x21b 处开始的字符，该字符在当前源字符集中无效(代码页 65001)。
D:\C++\Qt\ChartWidget\Mysql\mysql.h(1,1): warning C4828: 文件包含在偏移 0x21c 处开始的字符，该字符在当前源字符集中无效(代码页 65001)。
D:\C++\Qt\ChartWidget\Mysql\mysql.h(1,1): warning C4828: 文件包含在偏移 0x1ec 处开始的字符，该字符在当前源字符集中无效(代码页 65001)。
D:\C++\Qt\ChartWidget\Mysql\mysql.h(1,1): warning C4828: 文件包含在偏移 0x21f 处开始的字符，该字符在当前源字符集中无效(代码页 65001)。
D:\C++\Qt\ChartWidget\Mysql\mysql.h(1,1): warning C4828: 文件包含在偏移 0x1ee 处开始的字符，该字符在当前源字符集中无效(代码页 65001)。
D:\C++\Qt\ChartWidget\Mysql\mysql.h(1,1): warning C4828: 文件包含在偏移 0x1f1 处开始的字符，该字符在当前源字符集中无效(代码页 65001)。
D:\C++\Qt\ChartWidget\Mysql\mysql.h(1,1): warning C4828: 文件包含在偏移 0x1f4 处开始的字符，该字符在当前源字符集中无效(代码页 65001)。
D:\C++\Qt\ChartWidget\Mysql\mysql.h(1,1): warning C4828: 文件包含在偏移 0x221 处开始的字符，该字符在当前源字符集中无效(代码页 65001)。
D:\C++\Qt\ChartWidget\Mysql\mysql.h(1,1): warning C4828: 文件包含在偏移 0x1f8 处开始的字符，该字符在当前源字符集中无效(代码页 65001)。
D:\C++\Qt\ChartWidget\Mysql\mysql.h(1,1): warning C4828: 文件包含在偏移 0x21b 处开始的字符，该字符在当前源字符集中无效(代码页 65001)。
D:\C++\Qt\ChartWidget\Mysql\mysql.h(1,1): warning C4828: 文件包含在偏移 0x224 处开始的字符，该字符在当前源字符集中无效(代码页 65001)。
D:\C++\Qt\ChartWidget\Mysql\mysql.h(1,1): warning C4828: 文件包含在偏移 0x21c 处开始的字符，该字符在当前源字符集中无效(代码页 65001)。
D:\C++\Qt\ChartWidget\Mysql\mysql.h(1,1): warning C4828: 文件包含在偏移 0x227 处开始的字符，该字符在当前源字符集中无效(代码页 65001)。
D:\C++\Qt\ChartWidget\Mysql\mysql.h(1,1): warning C4828: 文件包含在偏移 0x21f 处开始的字符，该字符在当前源字符集中无效(代码页 65001)。
D:\C++\Qt\ChartWidget\Mysql\mysql.h(1,1): warning C4828: 文件包含在偏移 0x22b 处开始的字符，该字符在当前源字符集中无效(代码页 65001)。
D:\C++\Qt\ChartWidget\Mysql\mysql.h(1,1): warning C4828: 文件包含在偏移 0x221 处开始的字符，该字符在当前源字符集中无效(代码页 65001)。
D:\C++\Qt\ChartWidget\Mysql\mysql.h(1,1): warning C4828: 文件包含在偏移 0x257 处开始的字符，该字符在当前源字符集中无效(代码页 65001)。
D:\C++\Qt\ChartWidget\Mysql\mysql.h(1,1): warning C4828: 文件包含在偏移 0x224 处开始的字符，该字符在当前源字符集中无效(代码页 65001)。
D:\C++\Qt\ChartWidget\Mysql\mysql.h(1,1): warning C4828: 文件包含在偏移 0x258 处开始的字符，该字符在当前源字符集中无效(代码页 65001)。
D:\C++\Qt\ChartWidget\Mysql\mysql.h(1,1): warning C4828: 文件包含在偏移 0x227 处开始的字符，该字符在当前源字符集中无效(代码页 65001)。
D:\C++\Qt\ChartWidget\Mysql\mysql.h(1,1): warning C4828: 文件包含在偏移 0x25c 处开始的字符，该字符在当前源字符集中无效(代码页 65001)。
D:\C++\Qt\ChartWidget\Mysql\mysql.h(1,1): warning C4828: 文件包含在偏移 0x22b 处开始的字符，该字符在当前源字符集中无效(代码页 65001)。
D:\C++\Qt\ChartWidget\Mysql\mysql.h(1,1): warning C4828: 文件包含在偏移 0x25d 处开始的字符，该字符在当前源字符集中无效(代码页 65001)。
D:\C++\Qt\ChartWidget\Mysql\mysql.h(1,1): warning C4828: 文件包含在偏移 0x257 处开始的字符，该字符在当前源字符集中无效(代码页 65001)。
D:\C++\Qt\ChartWidget\Mysql\mysql.h(1,1): warning C4828: 文件包含在偏移 0x25f 处开始的字符，该字符在当前源字符集中无效(代码页 65001)。
D:\C++\Qt\ChartWidget\Mysql\mysql.h(1,1): warning C4828: 文件包含在偏移 0x258 处开始的字符，该字符在当前源字符集中无效(代码页 65001)。
D:\C++\Qt\ChartWidget\Mysql\mysql.h(1,1): warning C4828: 文件包含在偏移 0x262 处开始的字符，该字符在当前源字符集中无效(代码页 65001)。
D:\C++\Qt\ChartWidget\Mysql\mysql.h(1,1): warning C4828: 文件包含在偏移 0x25c 处开始的字符，该字符在当前源字符集中无效(代码页 65001)。
D:\C++\Qt\ChartWidget\Mysql\mysql.h(1,1): warning C4828: 文件包含在偏移 0x285 处开始的字符，该字符在当前源字符集中无效(代码页 65001)。
D:\C++\Qt\ChartWidget\Mysql\mysql.h(1,1): warning C4828: 文件包含在偏移 0x25d 处开始的字符，该字符在当前源字符集中无效(代码页 65001)。
D:\C++\Qt\ChartWidget\Mysql\mysql.h(1,1): warning C4828: 文件包含在偏移 0x287 处开始的字符，该字符在当前源字符集中无效(代码页 65001)。
D:\C++\Qt\ChartWidget\Mysql\mysql.h(1,1): warning C4828: 文件包含在偏移 0x25f 处开始的字符，该字符在当前源字符集中无效(代码页 65001)。
D:\C++\Qt\ChartWidget\Mysql\mysql.h(1,1): warning C4828: 文件包含在偏移 0x288 处开始的字符，该字符在当前源字符集中无效(代码页 65001)。
D:\C++\Qt\ChartWidget\Mysql\mysql.h(1,1): warning C4828: 文件包含在偏移 0x262 处开始的字符，该字符在当前源字符集中无效(代码页 65001)。
D:\C++\Qt\ChartWidget\Mysql\mysql.h(1,1): warning C4828: 文件包含在偏移 0x289 处开始的字符，该字符在当前源字符集中无效(代码页 65001)。
D:\C++\Qt\ChartWidget\Mysql\mysql.h(1,1): warning C4828: 文件包含在偏移 0x285 处开始的字符，该字符在当前源字符集中无效(代码页 65001)。
D:\C++\Qt\ChartWidget\Mysql\mysql.h(1,1): warning C4828: 文件包含在偏移 0x28b 处开始的字符，该字符在当前源字符集中无效(代码页 65001)。
D:\C++\Qt\ChartWidget\Mysql\mysql.h(1,1): warning C4828: 文件包含在偏移 0x287 处开始的字符，该字符在当前源字符集中无效(代码页 65001)。
D:\C++\Qt\ChartWidget\Mysql\mysql.h(1,1): warning C4828: 文件包含在偏移 0x28d 处开始的字符，该字符在当前源字符集中无效(代码页 65001)。
D:\C++\Qt\ChartWidget\Mysql\mysql.h(1,1): warning C4828: 文件包含在偏移 0x288 处开始的字符，该字符在当前源字符集中无效(代码页 65001)。
D:\C++\Qt\ChartWidget\Mysql\mysql.h(1,1): warning C4828: 文件包含在偏移 0x2cd 处开始的字符，该字符在当前源字符集中无效(代码页 65001)。
D:\C++\Qt\ChartWidget\Mysql\mysql.h(1,1): warning C4828: 文件包含在偏移 0x289 处开始的字符，该字符在当前源字符集中无效(代码页 65001)。
D:\C++\Qt\ChartWidget\Mysql\mysql.h(1,1): warning C4828: 文件包含在偏移 0x2cf 处开始的字符，该字符在当前源字符集中无效(代码页 65001)。
D:\C++\Qt\ChartWidget\Mysql\mysql.h(1,1): warning C4828: 文件包含在偏移 0x28b 处开始的字符，该字符在当前源字符集中无效(代码页 65001)。
D:\C++\Qt\ChartWidget\Mysql\mysql.h(1,1): warning C4828: 文件包含在偏移 0x2d0 处开始的字符，该字符在当前源字符集中无效(代码页 65001)。
D:\C++\Qt\ChartWidget\Mysql\mysql.h(1,1): warning C4828: 文件包含在偏移 0x28d 处开始的字符，该字符在当前源字符集中无效(代码页 65001)。
D:\C++\Qt\ChartWidget\Mysql\mysql.h(1,1): warning C4828: 文件包含在偏移 0x2d3 处开始的字符，该字符在当前源字符集中无效(代码页 65001)。
D:\C++\Qt\ChartWidget\Mysql\mysql.h(1,1): warning C4828: 文件包含在偏移 0x2cd 处开始的字符，该字符在当前源字符集中无效(代码页 65001)。
D:\C++\Qt\ChartWidget\Mysql\mysql.h(1,1): warning C4828: 文件包含在偏移 0x2d4 处开始的字符，该字符在当前源字符集中无效(代码页 65001)。
D:\C++\Qt\ChartWidget\Mysql\mysql.h(1,1): warning C4828: 文件包含在偏移 0x2cf 处开始的字符，该字符在当前源字符集中无效(代码页 65001)。
D:\C++\Qt\ChartWidget\Mysql\mysql.h(1,1): warning C4828: 文件包含在偏移 0x321 处开始的字符，该字符在当前源字符集中无效(代码页 65001)。
D:\C++\Qt\ChartWidget\Mysql\mysql.h(1,1): warning C4828: 文件包含在偏移 0x2d0 处开始的字符，该字符在当前源字符集中无效(代码页 65001)。
D:\C++\Qt\ChartWidget\Mysql\mysql.h(1,1): warning C4828: 文件包含在偏移 0x322 处开始的字符，该字符在当前源字符集中无效(代码页 65001)。
D:\C++\Qt\ChartWidget\Mysql\mysql.h(1,1): warning C4828: 文件包含在偏移 0x2d3 处开始的字符，该字符在当前源字符集中无效(代码页 65001)。
D:\C++\Qt\ChartWidget\Mysql\mysql.h(1,1): warning C4828: 文件包含在偏移 0x2d4 处开始的字符，该字符在当前源字符集中无效(代码页 65001)。
D:\C++\Qt\ChartWidget\Mysql\mysql.h(1,1): warning C4828: 文件包含在偏移 0x324 处开始的字符，该字符在当前源字符集中无效(代码页 65001)。
D:\C++\Qt\ChartWidget\Mysql\mysql.h(1,1): warning C4828: 文件包含在偏移 0x321 处开始的字符，该字符在当前源字符集中无效(代码页 65001)。
D:\C++\Qt\ChartWidget\Mysql\mysql.h(1,1): warning C4828: 文件包含在偏移 0x325 处开始的字符，该字符在当前源字符集中无效(代码页 65001)。
D:\C++\Qt\ChartWidget\Mysql\mysql.h(1,1): warning C4828: 文件包含在偏移 0x322 处开始的字符，该字符在当前源字符集中无效(代码页 65001)。
D:\C++\Qt\ChartWidget\Mysql\mysql.h(1,1): warning C4828: 文件包含在偏移 0x324 处开始的字符，该字符在当前源字符集中无效(代码页 65001)。
D:\C++\Qt\ChartWidget\Mysql\mysql.h(1,1): warning C4828: 文件包含在偏移 0x325 处开始的字符，该字符在当前源字符集中无效(代码页 65001)。
  moc_login.cpp
D:\C++\Qt\ChartWidget\login.h(1,1): warning C4828: 文件包含在偏移 0x1af 处开始的字符，该字符在当前源字符集中无效(代码页 65001)。
D:\C++\Qt\ChartWidget\login.h(1,1): warning C4828: 文件包含在偏移 0x1b0 处开始的字符，该字符在当前源字符集中无效(代码页 65001)。
D:\C++\Qt\ChartWidget\login.h(1,1): warning C4828: 文件包含在偏移 0x1b2 处开始的字符，该字符在当前源字符集中无效(代码页 65001)。
D:\C++\Qt\ChartWidget\login.h(1,1): warning C4828: 文件包含在偏移 0x1b3 处开始的字符，该字符在当前源字符集中无效(代码页 65001)。
D:\C++\Qt\ChartWidget\login.h(1,1): warning C4828: 文件包含在偏移 0x1b6 处开始的字符，该字符在当前源字符集中无效(代码页 65001)。
D:\C++\Qt\ChartWidget\login.h(1,1): warning C4828: 文件包含在偏移 0x1b7 处开始的字符，该字符在当前源字符集中无效(代码页 65001)。
D:\C++\Qt\ChartWidget\login.h(1,1): warning C4828: 文件包含在偏移 0x1d7 处开始的字符，该字符在当前源字符集中无效(代码页 65001)。
D:\C++\Qt\ChartWidget\login.h(1,1): warning C4828: 文件包含在偏移 0x1d8 处开始的字符，该字符在当前源字符集中无效(代码页 65001)。
D:\C++\Qt\ChartWidget\login.h(1,1): warning C4828: 文件包含在偏移 0x1db 处开始的字符，该字符在当前源字符集中无效(代码页 65001)。
D:\C++\Qt\ChartWidget\login.h(1,1): warning C4828: 文件包含在偏移 0x1dc 处开始的字符，该字符在当前源字符集中无效(代码页 65001)。
D:\C++\Qt\ChartWidget\login.h(1,1): warning C4828: 文件包含在偏移 0x1dd 处开始的字符，该字符在当前源字符集中无效(代码页 65001)。
D:\C++\Qt\ChartWidget\Mysql\mysql.h(1,1): warning C4828: 文件包含在偏移 0x1ec 处开始的字符，该字符在当前源字符集中无效(代码页 65001)。
D:\C++\Qt\ChartWidget\Mysql\mysql.h(1,1): warning C4828: 文件包含在偏移 0x1ee 处开始的字符，该字符在当前源字符集中无效(代码页 65001)。
D:\C++\Qt\ChartWidget\Mysql\mysql.h(1,1): warning C4828: 文件包含在偏移 0x1f1 处开始的字符，该字符在当前源字符集中无效(代码页 65001)。
D:\C++\Qt\ChartWidget\Mysql\mysql.h(1,1): warning C4828: 文件包含在偏移 0x1f4 处开始的字符，该字符在当前源字符集中无效(代码页 65001)。
D:\C++\Qt\ChartWidget\Mysql\mysql.h(1,1): warning C4828: 文件包含在偏移 0x1f8 处开始的字符，该字符在当前源字符集中无效(代码页 65001)。
D:\C++\Qt\ChartWidget\Mysql\mysql.h(1,1): warning C4828: 文件包含在偏移 0x21b 处开始的字符，该字符在当前源字符集中无效(代码页 65001)。
D:\C++\Qt\ChartWidget\Mysql\mysql.h(1,1): warning C4828: 文件包含在偏移 0x21c 处开始的字符，该字符在当前源字符集中无效(代码页 65001)。
D:\C++\Qt\ChartWidget\Mysql\mysql.h(1,1): warning C4828: 文件包含在偏移 0x21f 处开始的字符，该字符在当前源字符集中无效(代码页 65001)。
D:\C++\Qt\ChartWidget\Mysql\mysql.h(1,1): warning C4828: 文件包含在偏移 0x221 处开始的字符，该字符在当前源字符集中无效(代码页 65001)。
D:\C++\Qt\ChartWidget\Mysql\mysql.h(1,1): warning C4828: 文件包含在偏移 0x224 处开始的字符，该字符在当前源字符集中无效(代码页 65001)。
D:\C++\Qt\ChartWidget\Mysql\mysql.h(1,1): warning C4828: 文件包含在偏移 0x227 处开始的字符，该字符在当前源字符集中无效(代码页 65001)。
D:\C++\Qt\ChartWidget\Mysql\mysql.h(1,1): warning C4828: 文件包含在偏移 0x22b 处开始的字符，该字符在当前源字符集中无效(代码页 65001)。
D:\C++\Qt\ChartWidget\Mysql\mysql.h(1,1): warning C4828: 文件包含在偏移 0x257 处开始的字符，该字符在当前源字符集中无效(代码页 65001)。
D:\C++\Qt\ChartWidget\Mysql\mysql.h(1,1): warning C4828: 文件包含在偏移 0x258 处开始的字符，该字符在当前源字符集中无效(代码页 65001)。
D:\C++\Qt\ChartWidget\Mysql\mysql.h(1,1): warning C4828: 文件包含在偏移 0x25c 处开始的字符，该字符在当前源字符集中无效(代码页 65001)。
D:\C++\Qt\ChartWidget\Mysql\mysql.h(1,1): warning C4828: 文件包含在偏移 0x25d 处开始的字符，该字符在当前源字符集中无效(代码页 65001)。
D:\C++\Qt\ChartWidget\Mysql\mysql.h(1,1): warning C4828: 文件包含在偏移 0x25f 处开始的字符，该字符在当前源字符集中无效(代码页 65001)。
D:\C++\Qt\ChartWidget\Mysql\mysql.h(1,1): warning C4828: 文件包含在偏移 0x262 处开始的字符，该字符在当前源字符集中无效(代码页 65001)。
D:\C++\Qt\ChartWidget\Mysql\mysql.h(1,1): warning C4828: 文件包含在偏移 0x285 处开始的字符，该字符在当前源字符集中无效(代码页 65001)。
D:\C++\Qt\ChartWidget\Mysql\mysql.h(1,1): warning C4828: 文件包含在偏移 0x287 处开始的字符，该字符在当前源字符集中无效(代码页 65001)。
D:\C++\Qt\ChartWidget\Mysql\mysql.h(1,1): warning C4828: 文件包含在偏移 0x288 处开始的字符，该字符在当前源字符集中无效(代码页 65001)。
D:\C++\Qt\ChartWidget\Mysql\mysql.h(1,1): warning C4828: 文件包含在偏移 0x289 处开始的字符，该字符在当前源字符集中无效(代码页 65001)。
D:\C++\Qt\ChartWidget\Mysql\mysql.h(1,1): warning C4828: 文件包含在偏移 0x28b 处开始的字符，该字符在当前源字符集中无效(代码页 65001)。
D:\C++\Qt\ChartWidget\Mysql\mysql.h(1,1): warning C4828: 文件包含在偏移 0x28d 处开始的字符，该字符在当前源字符集中无效(代码页 65001)。
D:\C++\Qt\ChartWidget\Mysql\mysql.h(1,1): warning C4828: 文件包含在偏移 0x2cd 处开始的字符，该字符在当前源字符集中无效(代码页 65001)。
D:\C++\Qt\ChartWidget\Mysql\mysql.h(1,1): warning C4828: 文件包含在偏移 0x2cf 处开始的字符，该字符在当前源字符集中无效(代码页 65001)。
D:\C++\Qt\ChartWidget\Mysql\mysql.h(1,1): warning C4828: 文件包含在偏移 0x2d0 处开始的字符，该字符在当前源字符集中无效(代码页 65001)。
D:\C++\Qt\ChartWidget\Mysql\mysql.h(1,1): warning C4828: 文件包含在偏移 0x2d3 处开始的字符，该字符在当前源字符集中无效(代码页 65001)。
D:\C++\Qt\ChartWidget\Mysql\mysql.h(1,1): warning C4828: 文件包含在偏移 0x2d4 处开始的字符，该字符在当前源字符集中无效(代码页 65001)。
D:\C++\Qt\ChartWidget\Mysql\mysql.h(1,1): warning C4828: 文件包含在偏移 0x321 处开始的字符，该字符在当前源字符集中无效(代码页 65001)。
D:\C++\Qt\ChartWidget\Mysql\mysql.h(1,1): warning C4828: 文件包含在偏移 0x322 处开始的字符，该字符在当前源字符集中无效(代码页 65001)。
D:\C++\Qt\ChartWidget\Mysql\mysql.h(1,1): warning C4828: 文件包含在偏移 0x324 处开始的字符，该字符在当前源字符集中无效(代码页 65001)。
D:\C++\Qt\ChartWidget\Mysql\mysql.h(1,1): warning C4828: 文件包含在偏移 0x325 处开始的字符，该字符在当前源字符集中无效(代码页 65001)。
LINK : warning LNK4075: 忽略“/INCREMENTAL”(由于“/LTCG”规范)
  正在生成代码
  13 of 110 functions (11.8%) were compiled, the rest were copied from previous compilation.
    1 functions were new in current compilation
    3 functions had inline decision re-evaluated but remain unchanged
  已完成代码的生成
  ChartWidget.vcxproj -> D:\C++\Qt\ChartWidget\x64\Release\ChartWidget.exe
