d:\c\c++project\chart\chartwidget\tcp\x64\release\vc143.pdb
d:\c\c++project\chart\chartwidget\tcp\x64\release\tcp.obj
d:\c\c++project\chart\chartwidget\tcp\x64\release\moc_tcp.obj
d:\c\c++project\chart\chartwidget\bin\release\tcp.dll
d:\c\c++project\chart\chartwidget\tcp\x64\release\moc\moc_tcp.cpp
d:\c\c++project\chart\chartwidget\bin\release\tcp.lib
d:\c\c++project\chart\chartwidget\bin\release\tcp.exp
d:\c\c++project\chart\chartwidget\tcp\x64\release\tcp.ipdb
d:\c\c++project\chart\chartwidget\tcp\x64\release\tcp.iobj
d:\c\c++project\chart\chartwidget\tcp\x64\release\tcp.tlog\cl.command.1.tlog
d:\c\c++project\chart\chartwidget\tcp\x64\release\tcp.tlog\cl.items.tlog
d:\c\c++project\chart\chartwidget\tcp\x64\release\tcp.tlog\cl.read.1.tlog
d:\c\c++project\chart\chartwidget\tcp\x64\release\tcp.tlog\cl.write.1.tlog
d:\c\c++project\chart\chartwidget\tcp\x64\release\tcp.tlog\link.command.1.tlog
d:\c\c++project\chart\chartwidget\tcp\x64\release\tcp.tlog\link.read.1.tlog
d:\c\c++project\chart\chartwidget\tcp\x64\release\tcp.tlog\link.secondary.1.tlog
d:\c\c++project\chart\chartwidget\tcp\x64\release\tcp.tlog\link.write.1.tlog
d:\c\c++project\chart\chartwidget\tcp\x64\release\tcp.tlog\moc.read.1u.tlog
d:\c\c++project\chart\chartwidget\tcp\x64\release\tcp.tlog\moc.write.1u.tlog
d:\c\c++project\chart\chartwidget\tcp\x64\release\tcp.tlog\tcp.write.1u.tlog
