  moc mysql.h
  mysql.cpp
D:\C++\Qt\ChartWidget\Mysql\mysql.cpp(1,1): warning C4828: 文件包含在偏移 0x94 处开始的字符，该字符在当前源字符集中无效(代码页 65001)。
D:\C++\Qt\ChartWidget\Mysql\mysql.cpp(1,1): warning C4828: 文件包含在偏移 0x95 处开始的字符，该字符在当前源字符集中无效(代码页 65001)。
D:\C++\Qt\ChartWidget\Mysql\mysql.cpp(1,1): warning C4828: 文件包含在偏移 0x99 处开始的字符，该字符在当前源字符集中无效(代码页 65001)。
D:\C++\Qt\ChartWidget\Mysql\mysql.cpp(1,1): warning C4828: 文件包含在偏移 0x9a 处开始的字符，该字符在当前源字符集中无效(代码页 65001)。
D:\C++\Qt\ChartWidget\Mysql\mysql.cpp(1,1): warning C4828: 文件包含在偏移 0x9c 处开始的字符，该字符在当前源字符集中无效(代码页 65001)。
D:\C++\Qt\ChartWidget\Mysql\mysql.cpp(1,1): warning C4828: 文件包含在偏移 0x9f 处开始的字符，该字符在当前源字符集中无效(代码页 65001)。
D:\C++\Qt\ChartWidget\Mysql\mysql.cpp(1,1): warning C4828: 文件包含在偏移 0xc5 处开始的字符，该字符在当前源字符集中无效(代码页 65001)。
D:\C++\Qt\ChartWidget\Mysql\mysql.cpp(1,1): warning C4828: 文件包含在偏移 0xc6 处开始的字符，该字符在当前源字符集中无效(代码页 65001)。
D:\C++\Qt\ChartWidget\Mysql\mysql.cpp(1,1): warning C4828: 文件包含在偏移 0xca 处开始的字符，该字符在当前源字符集中无效(代码页 65001)。
D:\C++\Qt\ChartWidget\Mysql\mysql.cpp(1,1): warning C4828: 文件包含在偏移 0xcd 处开始的字符，该字符在当前源字符集中无效(代码页 65001)。
D:\C++\Qt\ChartWidget\Mysql\mysql.cpp(1,1): warning C4828: 文件包含在偏移 0xce 处开始的字符，该字符在当前源字符集中无效(代码页 65001)。
D:\C++\Qt\ChartWidget\Mysql\mysql.cpp(1,1): warning C4828: 文件包含在偏移 0xcf 处开始的字符，该字符在当前源字符集中无效(代码页 65001)。
D:\C++\Qt\ChartWidget\Mysql\mysql.cpp(1,1): warning C4828: 文件包含在偏移 0xd0 处开始的字符，该字符在当前源字符集中无效(代码页 65001)。
D:\C++\Qt\ChartWidget\Mysql\mysql.cpp(1,1): warning C4828: 文件包含在偏移 0xd1 处开始的字符，该字符在当前源字符集中无效(代码页 65001)。
D:\C++\Qt\ChartWidget\Mysql\mysql.cpp(1,1): warning C4828: 文件包含在偏移 0xd3 处开始的字符，该字符在当前源字符集中无效(代码页 65001)。
D:\C++\Qt\ChartWidget\Mysql\mysql.cpp(1,1): warning C4828: 文件包含在偏移 0xd4 处开始的字符，该字符在当前源字符集中无效(代码页 65001)。
D:\C++\Qt\ChartWidget\Mysql\mysql.cpp(1,1): warning C4828: 文件包含在偏移 0xd9 处开始的字符，该字符在当前源字符集中无效(代码页 65001)。
D:\C++\Qt\ChartWidget\Mysql\mysql.cpp(1,1): warning C4828: 文件包含在偏移 0xdb 处开始的字符，该字符在当前源字符集中无效(代码页 65001)。
D:\C++\Qt\ChartWidget\Mysql\mysql.cpp(1,1): warning C4828: 文件包含在偏移 0xde 处开始的字符，该字符在当前源字符集中无效(代码页 65001)。
D:\C++\Qt\ChartWidget\Mysql\mysql.cpp(1,1): warning C4828: 文件包含在偏移 0xe1 处开始的字符，该字符在当前源字符集中无效(代码页 65001)。
D:\C++\Qt\ChartWidget\Mysql\mysql.cpp(1,1): warning C4828: 文件包含在偏移 0xe2 处开始的字符，该字符在当前源字符集中无效(代码页 65001)。
D:\C++\Qt\ChartWidget\Mysql\mysql.cpp(1,1): warning C4828: 文件包含在偏移 0x129 处开始的字符，该字符在当前源字符集中无效(代码页 65001)。
D:\C++\Qt\ChartWidget\Mysql\mysql.cpp(1,1): warning C4828: 文件包含在偏移 0x12b 处开始的字符，该字符在当前源字符集中无效(代码页 65001)。
D:\C++\Qt\ChartWidget\Mysql\mysql.cpp(1,1): warning C4828: 文件包含在偏移 0x154 处开始的字符，该字符在当前源字符集中无效(代码页 65001)。
D:\C++\Qt\ChartWidget\Mysql\mysql.cpp(1,1): warning C4828: 文件包含在偏移 0x156 处开始的字符，该字符在当前源字符集中无效(代码页 65001)。
D:\C++\Qt\ChartWidget\Mysql\mysql.cpp(1,1): warning C4828: 文件包含在偏移 0x158 处开始的字符，该字符在当前源字符集中无效(代码页 65001)。
D:\C++\Qt\ChartWidget\Mysql\mysql.cpp(1,1): warning C4828: 文件包含在偏移 0x15d 处开始的字符，该字符在当前源字符集中无效(代码页 65001)。
D:\C++\Qt\ChartWidget\Mysql\mysql.cpp(1,1): warning C4828: 文件包含在偏移 0x178 处开始的字符，该字符在当前源字符集中无效(代码页 65001)。
D:\C++\Qt\ChartWidget\Mysql\mysql.cpp(1,1): warning C4828: 文件包含在偏移 0x17a 处开始的字符，该字符在当前源字符集中无效(代码页 65001)。
D:\C++\Qt\ChartWidget\Mysql\mysql.cpp(1,1): warning C4828: 文件包含在偏移 0x17c 处开始的字符，该字符在当前源字符集中无效(代码页 65001)。
D:\C++\Qt\ChartWidget\Mysql\mysql.cpp(1,1): warning C4828: 文件包含在偏移 0x17d 处开始的字符，该字符在当前源字符集中无效(代码页 65001)。
D:\C++\Qt\ChartWidget\Mysql\mysql.cpp(1,1): warning C4828: 文件包含在偏移 0x17e 处开始的字符，该字符在当前源字符集中无效(代码页 65001)。
D:\C++\Qt\ChartWidget\Mysql\mysql.cpp(1,1): warning C4828: 文件包含在偏移 0x17f 处开始的字符，该字符在当前源字符集中无效(代码页 65001)。
D:\C++\Qt\ChartWidget\Mysql\mysql.cpp(1,1): warning C4828: 文件包含在偏移 0x181 处开始的字符，该字符在当前源字符集中无效(代码页 65001)。
D:\C++\Qt\ChartWidget\Mysql\mysql.cpp(1,1): warning C4828: 文件包含在偏移 0x182 处开始的字符，该字符在当前源字符集中无效(代码页 65001)。
D:\C++\Qt\ChartWidget\Mysql\mysql.cpp(1,1): warning C4828: 文件包含在偏移 0x185 处开始的字符，该字符在当前源字符集中无效(代码页 65001)。
D:\C++\Qt\ChartWidget\Mysql\mysql.cpp(1,1): warning C4828: 文件包含在偏移 0x1ae 处开始的字符，该字符在当前源字符集中无效(代码页 65001)。
D:\C++\Qt\ChartWidget\Mysql\mysql.cpp(1,1): warning C4828: 文件包含在偏移 0x1b0 处开始的字符，该字符在当前源字符集中无效(代码页 65001)。
D:\C++\Qt\ChartWidget\Mysql\mysql.cpp(1,1): warning C4828: 文件包含在偏移 0x1b2 处开始的字符，该字符在当前源字符集中无效(代码页 65001)。
D:\C++\Qt\ChartWidget\Mysql\mysql.cpp(1,1): warning C4828: 文件包含在偏移 0x1b4 处开始的字符，该字符在当前源字符集中无效(代码页 65001)。
D:\C++\Qt\ChartWidget\Mysql\mysql.cpp(1,1): warning C4828: 文件包含在偏移 0x1b5 处开始的字符，该字符在当前源字符集中无效(代码页 65001)。
D:\C++\Qt\ChartWidget\Mysql\mysql.cpp(1,1): warning C4828: 文件包含在偏移 0x1b6 处开始的字符，该字符在当前源字符集中无效(代码页 65001)。
D:\C++\Qt\ChartWidget\Mysql\mysql.cpp(1,1): warning C4828: 文件包含在偏移 0x1d8 处开始的字符，该字符在当前源字符集中无效(代码页 65001)。
D:\C++\Qt\ChartWidget\Mysql\mysql.cpp(1,1): warning C4828: 文件包含在偏移 0x1da 处开始的字符，该字符在当前源字符集中无效(代码页 65001)。
D:\C++\Qt\ChartWidget\Mysql\mysql.cpp(1,1): warning C4828: 文件包含在偏移 0x1dc 处开始的字符，该字符在当前源字符集中无效(代码页 65001)。
D:\C++\Qt\ChartWidget\Mysql\mysql.cpp(1,1): warning C4828: 文件包含在偏移 0x1de 处开始的字符，该字符在当前源字符集中无效(代码页 65001)。
D:\C++\Qt\ChartWidget\Mysql\mysql.cpp(1,1): warning C4828: 文件包含在偏移 0x1df 处开始的字符，该字符在当前源字符集中无效(代码页 65001)。
D:\C++\Qt\ChartWidget\Mysql\mysql.cpp(1,1): warning C4828: 文件包含在偏移 0x1e0 处开始的字符，该字符在当前源字符集中无效(代码页 65001)。
D:\C++\Qt\ChartWidget\Mysql\mysql.cpp(1,1): warning C4828: 文件包含在偏移 0x1e2 处开始的字符，该字符在当前源字符集中无效(代码页 65001)。
D:\C++\Qt\ChartWidget\Mysql\mysql.cpp(1,1): warning C4828: 文件包含在偏移 0x210 处开始的字符，该字符在当前源字符集中无效(代码页 65001)。
D:\C++\Qt\ChartWidget\Mysql\mysql.cpp(1,1): warning C4828: 文件包含在偏移 0x212 处开始的字符，该字符在当前源字符集中无效(代码页 65001)。
D:\C++\Qt\ChartWidget\Mysql\mysql.cpp(1,1): warning C4828: 文件包含在偏移 0x213 处开始的字符，该字符在当前源字符集中无效(代码页 65001)。
D:\C++\Qt\ChartWidget\Mysql\mysql.cpp(1,1): warning C4828: 文件包含在偏移 0x215 处开始的字符，该字符在当前源字符集中无效(代码页 65001)。
D:\C++\Qt\ChartWidget\Mysql\mysql.cpp(1,1): warning C4828: 文件包含在偏移 0x216 处开始的字符，该字符在当前源字符集中无效(代码页 65001)。
D:\C++\Qt\ChartWidget\Mysql\mysql.cpp(1,1): warning C4828: 文件包含在偏移 0x219 处开始的字符，该字符在当前源字符集中无效(代码页 65001)。
D:\C++\Qt\ChartWidget\Mysql\mysql.cpp(1,1): warning C4828: 文件包含在偏移 0x21c 处开始的字符，该字符在当前源字符集中无效(代码页 65001)。
D:\C++\Qt\ChartWidget\Mysql\mysql.cpp(1,1): warning C4828: 文件包含在偏移 0x21d 处开始的字符，该字符在当前源字符集中无效(代码页 65001)。
D:\C++\Qt\ChartWidget\Mysql\mysql.cpp(1,1): warning C4828: 文件包含在偏移 0x221 处开始的字符，该字符在当前源字符集中无效(代码页 65001)。
D:\C++\Qt\ChartWidget\Mysql\mysql.cpp(1,1): warning C4828: 文件包含在偏移 0x222 处开始的字符，该字符在当前源字符集中无效(代码页 65001)。
D:\C++\Qt\ChartWidget\Mysql\mysql.cpp(1,1): warning C4828: 文件包含在偏移 0x225 处开始的字符，该字符在当前源字符集中无效(代码页 65001)。
D:\C++\Qt\ChartWidget\Mysql\mysql.cpp(1,1): warning C4828: 文件包含在偏移 0x283 处开始的字符，该字符在当前源字符集中无效(代码页 65001)。
D:\C++\Qt\ChartWidget\Mysql\mysql.cpp(1,1): warning C4828: 文件包含在偏移 0x285 处开始的字符，该字符在当前源字符集中无效(代码页 65001)。
D:\C++\Qt\ChartWidget\Mysql\mysql.cpp(1,1): warning C4828: 文件包含在偏移 0x288 处开始的字符，该字符在当前源字符集中无效(代码页 65001)。
D:\C++\Qt\ChartWidget\Mysql\mysql.cpp(1,1): warning C4828: 文件包含在偏移 0x28b 处开始的字符，该字符在当前源字符集中无效(代码页 65001)。
D:\C++\Qt\ChartWidget\Mysql\mysql.cpp(1,1): warning C4828: 文件包含在偏移 0x28e 处开始的字符，该字符在当前源字符集中无效(代码页 65001)。
D:\C++\Qt\ChartWidget\Mysql\mysql.cpp(1,1): warning C4828: 文件包含在偏移 0x295 处开始的字符，该字符在当前源字符集中无效(代码页 65001)。
D:\C++\Qt\ChartWidget\Mysql\mysql.cpp(1,1): warning C4828: 文件包含在偏移 0x297 处开始的字符，该字符在当前源字符集中无效(代码页 65001)。
D:\C++\Qt\ChartWidget\Mysql\mysql.cpp(1,1): warning C4828: 文件包含在偏移 0x29a 处开始的字符，该字符在当前源字符集中无效(代码页 65001)。
D:\C++\Qt\ChartWidget\Mysql\mysql.cpp(1,1): warning C4828: 文件包含在偏移 0x29d 处开始的字符，该字符在当前源字符集中无效(代码页 65001)。
D:\C++\Qt\ChartWidget\Mysql\mysql.cpp(1,1): warning C4828: 文件包含在偏移 0x2a0 处开始的字符，该字符在当前源字符集中无效(代码页 65001)。
D:\C++\Qt\ChartWidget\Mysql\mysql.cpp(1,1): warning C4828: 文件包含在偏移 0x2a3 处开始的字符，该字符在当前源字符集中无效(代码页 65001)。
D:\C++\Qt\ChartWidget\Mysql\mysql.cpp(1,1): warning C4828: 文件包含在偏移 0x2a4 处开始的字符，该字符在当前源字符集中无效(代码页 65001)。
D:\C++\Qt\ChartWidget\Mysql\mysql.cpp(1,1): warning C4828: 文件包含在偏移 0x2a5 处开始的字符，该字符在当前源字符集中无效(代码页 65001)。
D:\C++\Qt\ChartWidget\Mysql\mysql.cpp(1,1): warning C4828: 文件包含在偏移 0x2a7 处开始的字符，该字符在当前源字符集中无效(代码页 65001)。
D:\C++\Qt\ChartWidget\Mysql\mysql.cpp(1,1): warning C4828: 文件包含在偏移 0x2a9 处开始的字符，该字符在当前源字符集中无效(代码页 65001)。
D:\C++\Qt\ChartWidget\Mysql\mysql.cpp(1,1): warning C4828: 文件包含在偏移 0x2cf 处开始的字符，该字符在当前源字符集中无效(代码页 65001)。
D:\C++\Qt\ChartWidget\Mysql\mysql.cpp(1,1): warning C4828: 文件包含在偏移 0x2d0 处开始的字符，该字符在当前源字符集中无效(代码页 65001)。
D:\C++\Qt\ChartWidget\Mysql\mysql.cpp(1,1): warning C4828: 文件包含在偏移 0x2d1 处开始的字符，该字符在当前源字符集中无效(代码页 65001)。
D:\C++\Qt\ChartWidget\Mysql\mysql.cpp(1,1): warning C4828: 文件包含在偏移 0x2d2 处开始的字符，该字符在当前源字符集中无效(代码页 65001)。
D:\C++\Qt\ChartWidget\Mysql\mysql.cpp(1,1): warning C4828: 文件包含在偏移 0x2d4 处开始的字符，该字符在当前源字符集中无效(代码页 65001)。
D:\C++\Qt\ChartWidget\Mysql\mysql.cpp(1,1): warning C4828: 文件包含在偏移 0x2d5 处开始的字符，该字符在当前源字符集中无效(代码页 65001)。
D:\C++\Qt\ChartWidget\Mysql\mysql.cpp(1,1): warning C4828: 文件包含在偏移 0x2d8 处开始的字符，该字符在当前源字符集中无效(代码页 65001)。
D:\C++\Qt\ChartWidget\Mysql\mysql.cpp(1,1): warning C4828: 文件包含在偏移 0x2db 处开始的字符，该字符在当前源字符集中无效(代码页 65001)。
D:\C++\Qt\ChartWidget\Mysql\mysql.cpp(1,1): warning C4828: 文件包含在偏移 0x2dc 处开始的字符，该字符在当前源字符集中无效(代码页 65001)。
D:\C++\Qt\ChartWidget\Mysql\mysql.cpp(1,1): warning C4828: 文件包含在偏移 0x2e9 处开始的字符，该字符在当前源字符集中无效(代码页 65001)。
D:\C++\Qt\ChartWidget\Mysql\mysql.cpp(1,1): warning C4828: 文件包含在偏移 0x2ea 处开始的字符，该字符在当前源字符集中无效(代码页 65001)。
D:\C++\Qt\ChartWidget\Mysql\mysql.cpp(1,1): warning C4828: 文件包含在偏移 0x2ed 处开始的字符，该字符在当前源字符集中无效(代码页 65001)。
D:\C++\Qt\ChartWidget\Mysql\mysql.cpp(1,1): warning C4828: 文件包含在偏移 0x2ef 处开始的字符，该字符在当前源字符集中无效(代码页 65001)。
D:\C++\Qt\ChartWidget\Mysql\mysql.cpp(1,1): warning C4828: 文件包含在偏移 0x2f2 处开始的字符，该字符在当前源字符集中无效(代码页 65001)。
D:\C++\Qt\ChartWidget\Mysql\mysql.cpp(1,1): warning C4828: 文件包含在偏移 0x2f5 处开始的字符，该字符在当前源字符集中无效(代码页 65001)。
D:\C++\Qt\ChartWidget\Mysql\mysql.cpp(1,1): warning C4828: 文件包含在偏移 0x2f9 处开始的字符，该字符在当前源字符集中无效(代码页 65001)。
D:\C++\Qt\ChartWidget\Mysql\mysql.cpp(1,1): warning C4828: 文件包含在偏移 0x3ea 处开始的字符，该字符在当前源字符集中无效(代码页 65001)。
D:\C++\Qt\ChartWidget\Mysql\mysql.cpp(1,1): warning C4828: 文件包含在偏移 0x3ec 处开始的字符，该字符在当前源字符集中无效(代码页 65001)。
D:\C++\Qt\ChartWidget\Mysql\mysql.cpp(1,1): warning C4828: 文件包含在偏移 0x3ed 处开始的字符，该字符在当前源字符集中无效(代码页 65001)。
D:\C++\Qt\ChartWidget\Mysql\mysql.cpp(1,1): warning C4828: 文件包含在偏移 0x3ee 处开始的字符，该字符在当前源字符集中无效(代码页 65001)。
D:\C++\Qt\ChartWidget\Mysql\mysql.cpp(1,1): warning C4828: 文件包含在偏移 0x3ef 处开始的字符，该字符在当前源字符集中无效(代码页 65001)。
D:\C++\Qt\ChartWidget\Mysql\mysql.cpp(1,1): warning C4828: 文件包含在偏移 0x3f2 处开始的字符，该字符在当前源字符集中无效(代码页 65001)。
D:\C++\Qt\ChartWidget\Mysql\mysql.cpp(1,1): warning C4828: 文件包含在偏移 0x3f3 处开始的字符，该字符在当前源字符集中无效(代码页 65001)。
D:\C++\Qt\ChartWidget\Mysql\mysql.cpp(1,1): warning C4828: 文件包含在偏移 0x3f6 处开始的字符，该字符在当前源字符集中无效(代码页 65001)。
D:\C++\Qt\ChartWidget\Mysql\mysql.cpp(1,1): warning C4828: 文件包含在偏移 0x3f7 处开始的字符，该字符在当前源字符集中无效(代码页 65001)。
D:\C++\Qt\ChartWidget\Mysql\mysql.cpp(1,1): warning C4828: 文件包含在偏移 0x3f8 处开始的字符，该字符在当前源字符集中无效(代码页 65001)。
D:\C++\Qt\ChartWidget\Mysql\mysql.cpp(1,1): warning C4828: 文件包含在偏移 0x3f9 处开始的字符，该字符在当前源字符集中无效(代码页 65001)。
D:\C++\Qt\ChartWidget\Mysql\mysql.cpp(1,1): warning C4828: 文件包含在偏移 0x3fa 处开始的字符，该字符在当前源字符集中无效(代码页 65001)。
D:\C++\Qt\ChartWidget\Mysql\mysql.cpp(1,1): warning C4828: 文件包含在偏移 0x3fc 处开始的字符，该字符在当前源字符集中无效(代码页 65001)。
D:\C++\Qt\ChartWidget\Mysql\mysql.cpp(1,1): warning C4828: 文件包含在偏移 0x400 处开始的字符，该字符在当前源字符集中无效(代码页 65001)。
D:\C++\Qt\ChartWidget\Mysql\mysql.cpp(1,1): warning C4828: 文件包含在偏移 0x402 处开始的字符，该字符在当前源字符集中无效(代码页 65001)。
D:\C++\Qt\ChartWidget\Mysql\mysql.cpp(1,1): warning C4828: 文件包含在偏移 0x403 处开始的字符，该字符在当前源字符集中无效(代码页 65001)。
D:\C++\Qt\ChartWidget\Mysql\mysql.cpp(1,1): warning C4828: 文件包含在偏移 0x404 处开始的字符，该字符在当前源字符集中无效(代码页 65001)。
D:\C++\Qt\ChartWidget\Mysql\mysql.cpp(1,1): warning C4828: 文件包含在偏移 0x406 处开始的字符，该字符在当前源字符集中无效(代码页 65001)。
D:\C++\Qt\ChartWidget\Mysql\mysql.cpp(1,1): warning C4828: 文件包含在偏移 0x407 处开始的字符，该字符在当前源字符集中无效(代码页 65001)。
D:\C++\Qt\ChartWidget\Mysql\mysql.cpp(1,1): warning C4828: 文件包含在偏移 0x40a 处开始的字符，该字符在当前源字符集中无效(代码页 65001)。
D:\C++\Qt\ChartWidget\Mysql\mysql.cpp(1,1): warning C4828: 文件包含在偏移 0x40c 处开始的字符，该字符在当前源字符集中无效(代码页 65001)。
D:\C++\Qt\ChartWidget\Mysql\mysql.cpp(1,1): warning C4828: 文件包含在偏移 0x40d 处开始的字符，该字符在当前源字符集中无效(代码页 65001)。
D:\C++\Qt\ChartWidget\Mysql\mysql.cpp(1,1): warning C4828: 文件包含在偏移 0x40e 处开始的字符，该字符在当前源字符集中无效(代码页 65001)。
D:\C++\Qt\ChartWidget\Mysql\mysql.cpp(1,1): warning C4828: 文件包含在偏移 0x410 处开始的字符，该字符在当前源字符集中无效(代码页 65001)。
D:\C++\Qt\ChartWidget\Mysql\mysql.cpp(1,1): warning C4828: 文件包含在偏移 0x412 处开始的字符，该字符在当前源字符集中无效(代码页 65001)。
D:\C++\Qt\ChartWidget\Mysql\mysql.cpp(1,1): warning C4828: 文件包含在偏移 0x413 处开始的字符，该字符在当前源字符集中无效(代码页 65001)。
D:\C++\Qt\ChartWidget\Mysql\mysql.cpp(1,1): warning C4828: 文件包含在偏移 0x45d 处开始的字符，该字符在当前源字符集中无效(代码页 65001)。
D:\C++\Qt\ChartWidget\Mysql\mysql.cpp(1,1): warning C4828: 文件包含在偏移 0x45e 处开始的字符，该字符在当前源字符集中无效(代码页 65001)。
D:\C++\Qt\ChartWidget\Mysql\mysql.cpp(1,1): warning C4828: 文件包含在偏移 0x463 处开始的字符，该字符在当前源字符集中无效(代码页 65001)。
D:\C++\Qt\ChartWidget\Mysql\mysql.cpp(1,1): warning C4828: 文件包含在偏移 0x467 处开始的字符，该字符在当前源字符集中无效(代码页 65001)。
D:\C++\Qt\ChartWidget\Mysql\mysql.cpp(1,1): warning C4828: 文件包含在偏移 0x46a 处开始的字符，该字符在当前源字符集中无效(代码页 65001)。
D:\C++\Qt\ChartWidget\Mysql\mysql.cpp(1,1): warning C4828: 文件包含在偏移 0x46b 处开始的字符，该字符在当前源字符集中无效(代码页 65001)。
D:\C++\Qt\ChartWidget\Mysql\mysql.cpp(1,1): warning C4828: 文件包含在偏移 0x46c 处开始的字符，该字符在当前源字符集中无效(代码页 65001)。
D:\C++\Qt\ChartWidget\Mysql\mysql.cpp(1,1): warning C4828: 文件包含在偏移 0x470 处开始的字符，该字符在当前源字符集中无效(代码页 65001)。
D:\C++\Qt\ChartWidget\Mysql\mysql.cpp(1,1): warning C4828: 文件包含在偏移 0x471 处开始的字符，该字符在当前源字符集中无效(代码页 65001)。
D:\C++\Qt\ChartWidget\Mysql\mysql.cpp(1,1): warning C4828: 文件包含在偏移 0x473 处开始的字符，该字符在当前源字符集中无效(代码页 65001)。
D:\C++\Qt\ChartWidget\Mysql\mysql.cpp(1,1): warning C4828: 文件包含在偏移 0x476 处开始的字符，该字符在当前源字符集中无效(代码页 65001)。
D:\C++\Qt\ChartWidget\Mysql\mysql.cpp(1,1): warning C4828: 文件包含在偏移 0x5ea 处开始的字符，该字符在当前源字符集中无效(代码页 65001)。
D:\C++\Qt\ChartWidget\Mysql\mysql.cpp(1,1): warning C4828: 文件包含在偏移 0x5ec 处开始的字符，该字符在当前源字符集中无效(代码页 65001)。
D:\C++\Qt\ChartWidget\Mysql\mysql.cpp(1,1): warning C4828: 文件包含在偏移 0x5ef 处开始的字符，该字符在当前源字符集中无效(代码页 65001)。
D:\C++\Qt\ChartWidget\Mysql\mysql.h(1,1): warning C4828: 文件包含在偏移 0x1ec 处开始的字符，该字符在当前源字符集中无效(代码页 65001)。
D:\C++\Qt\ChartWidget\Mysql\mysql.h(1,1): warning C4828: 文件包含在偏移 0x1ee 处开始的字符，该字符在当前源字符集中无效(代码页 65001)。
D:\C++\Qt\ChartWidget\Mysql\mysql.h(1,1): warning C4828: 文件包含在偏移 0x1f1 处开始的字符，该字符在当前源字符集中无效(代码页 65001)。
D:\C++\Qt\ChartWidget\Mysql\mysql.h(1,1): warning C4828: 文件包含在偏移 0x1f4 处开始的字符，该字符在当前源字符集中无效(代码页 65001)。
D:\C++\Qt\ChartWidget\Mysql\mysql.h(1,1): warning C4828: 文件包含在偏移 0x1f8 处开始的字符，该字符在当前源字符集中无效(代码页 65001)。
D:\C++\Qt\ChartWidget\Mysql\mysql.h(1,1): warning C4828: 文件包含在偏移 0x21b 处开始的字符，该字符在当前源字符集中无效(代码页 65001)。
D:\C++\Qt\ChartWidget\Mysql\mysql.h(1,1): warning C4828: 文件包含在偏移 0x21c 处开始的字符，该字符在当前源字符集中无效(代码页 65001)。
D:\C++\Qt\ChartWidget\Mysql\mysql.h(1,1): warning C4828: 文件包含在偏移 0x21f 处开始的字符，该字符在当前源字符集中无效(代码页 65001)。
D:\C++\Qt\ChartWidget\Mysql\mysql.h(1,1): warning C4828: 文件包含在偏移 0x221 处开始的字符，该字符在当前源字符集中无效(代码页 65001)。
D:\C++\Qt\ChartWidget\Mysql\mysql.h(1,1): warning C4828: 文件包含在偏移 0x224 处开始的字符，该字符在当前源字符集中无效(代码页 65001)。
D:\C++\Qt\ChartWidget\Mysql\mysql.h(1,1): warning C4828: 文件包含在偏移 0x227 处开始的字符，该字符在当前源字符集中无效(代码页 65001)。
D:\C++\Qt\ChartWidget\Mysql\mysql.h(1,1): warning C4828: 文件包含在偏移 0x22b 处开始的字符，该字符在当前源字符集中无效(代码页 65001)。
D:\C++\Qt\ChartWidget\Mysql\mysql.h(1,1): warning C4828: 文件包含在偏移 0x257 处开始的字符，该字符在当前源字符集中无效(代码页 65001)。
D:\C++\Qt\ChartWidget\Mysql\mysql.h(1,1): warning C4828: 文件包含在偏移 0x258 处开始的字符，该字符在当前源字符集中无效(代码页 65001)。
D:\C++\Qt\ChartWidget\Mysql\mysql.h(1,1): warning C4828: 文件包含在偏移 0x25c 处开始的字符，该字符在当前源字符集中无效(代码页 65001)。
D:\C++\Qt\ChartWidget\Mysql\mysql.h(1,1): warning C4828: 文件包含在偏移 0x25d 处开始的字符，该字符在当前源字符集中无效(代码页 65001)。
D:\C++\Qt\ChartWidget\Mysql\mysql.h(1,1): warning C4828: 文件包含在偏移 0x25f 处开始的字符，该字符在当前源字符集中无效(代码页 65001)。
D:\C++\Qt\ChartWidget\Mysql\mysql.h(1,1): warning C4828: 文件包含在偏移 0x262 处开始的字符，该字符在当前源字符集中无效(代码页 65001)。
D:\C++\Qt\ChartWidget\Mysql\mysql.h(1,1): warning C4828: 文件包含在偏移 0x285 处开始的字符，该字符在当前源字符集中无效(代码页 65001)。
D:\C++\Qt\ChartWidget\Mysql\mysql.h(1,1): warning C4828: 文件包含在偏移 0x287 处开始的字符，该字符在当前源字符集中无效(代码页 65001)。
D:\C++\Qt\ChartWidget\Mysql\mysql.h(1,1): warning C4828: 文件包含在偏移 0x288 处开始的字符，该字符在当前源字符集中无效(代码页 65001)。
D:\C++\Qt\ChartWidget\Mysql\mysql.h(1,1): warning C4828: 文件包含在偏移 0x289 处开始的字符，该字符在当前源字符集中无效(代码页 65001)。
D:\C++\Qt\ChartWidget\Mysql\mysql.h(1,1): warning C4828: 文件包含在偏移 0x28b 处开始的字符，该字符在当前源字符集中无效(代码页 65001)。
D:\C++\Qt\ChartWidget\Mysql\mysql.h(1,1): warning C4828: 文件包含在偏移 0x28d 处开始的字符，该字符在当前源字符集中无效(代码页 65001)。
D:\C++\Qt\ChartWidget\Mysql\mysql.h(1,1): warning C4828: 文件包含在偏移 0x2cd 处开始的字符，该字符在当前源字符集中无效(代码页 65001)。
D:\C++\Qt\ChartWidget\Mysql\mysql.h(1,1): warning C4828: 文件包含在偏移 0x2cf 处开始的字符，该字符在当前源字符集中无效(代码页 65001)。
D:\C++\Qt\ChartWidget\Mysql\mysql.h(1,1): warning C4828: 文件包含在偏移 0x2d0 处开始的字符，该字符在当前源字符集中无效(代码页 65001)。
D:\C++\Qt\ChartWidget\Mysql\mysql.h(1,1): warning C4828: 文件包含在偏移 0x2d3 处开始的字符，该字符在当前源字符集中无效(代码页 65001)。
D:\C++\Qt\ChartWidget\Mysql\mysql.h(1,1): warning C4828: 文件包含在偏移 0x2d4 处开始的字符，该字符在当前源字符集中无效(代码页 65001)。
D:\C++\Qt\ChartWidget\Mysql\mysql.h(1,1): warning C4828: 文件包含在偏移 0x321 处开始的字符，该字符在当前源字符集中无效(代码页 65001)。
D:\C++\Qt\ChartWidget\Mysql\mysql.h(1,1): warning C4828: 文件包含在偏移 0x322 处开始的字符，该字符在当前源字符集中无效(代码页 65001)。
D:\C++\Qt\ChartWidget\Mysql\mysql.h(1,1): warning C4828: 文件包含在偏移 0x324 处开始的字符，该字符在当前源字符集中无效(代码页 65001)。
D:\C++\Qt\ChartWidget\Mysql\mysql.h(1,1): warning C4828: 文件包含在偏移 0x325 处开始的字符，该字符在当前源字符集中无效(代码页 65001)。
  moc_mysql.cpp
D:\C++\Qt\ChartWidget\Mysql\mysql.h(1,1): warning C4828: 文件包含在偏移 0x1ec 处开始的字符，该字符在当前源字符集中无效(代码页 65001)。
D:\C++\Qt\ChartWidget\Mysql\mysql.h(1,1): warning C4828: 文件包含在偏移 0x1ee 处开始的字符，该字符在当前源字符集中无效(代码页 65001)。
D:\C++\Qt\ChartWidget\Mysql\mysql.h(1,1): warning C4828: 文件包含在偏移 0x1f1 处开始的字符，该字符在当前源字符集中无效(代码页 65001)。
D:\C++\Qt\ChartWidget\Mysql\mysql.h(1,1): warning C4828: 文件包含在偏移 0x1f4 处开始的字符，该字符在当前源字符集中无效(代码页 65001)。
D:\C++\Qt\ChartWidget\Mysql\mysql.h(1,1): warning C4828: 文件包含在偏移 0x1f8 处开始的字符，该字符在当前源字符集中无效(代码页 65001)。
D:\C++\Qt\ChartWidget\Mysql\mysql.h(1,1): warning C4828: 文件包含在偏移 0x21b 处开始的字符，该字符在当前源字符集中无效(代码页 65001)。
D:\C++\Qt\ChartWidget\Mysql\mysql.h(1,1): warning C4828: 文件包含在偏移 0x21c 处开始的字符，该字符在当前源字符集中无效(代码页 65001)。
D:\C++\Qt\ChartWidget\Mysql\mysql.h(1,1): warning C4828: 文件包含在偏移 0x21f 处开始的字符，该字符在当前源字符集中无效(代码页 65001)。
D:\C++\Qt\ChartWidget\Mysql\mysql.h(1,1): warning C4828: 文件包含在偏移 0x221 处开始的字符，该字符在当前源字符集中无效(代码页 65001)。
D:\C++\Qt\ChartWidget\Mysql\mysql.h(1,1): warning C4828: 文件包含在偏移 0x224 处开始的字符，该字符在当前源字符集中无效(代码页 65001)。
D:\C++\Qt\ChartWidget\Mysql\mysql.h(1,1): warning C4828: 文件包含在偏移 0x227 处开始的字符，该字符在当前源字符集中无效(代码页 65001)。
D:\C++\Qt\ChartWidget\Mysql\mysql.h(1,1): warning C4828: 文件包含在偏移 0x22b 处开始的字符，该字符在当前源字符集中无效(代码页 65001)。
D:\C++\Qt\ChartWidget\Mysql\mysql.h(1,1): warning C4828: 文件包含在偏移 0x257 处开始的字符，该字符在当前源字符集中无效(代码页 65001)。
D:\C++\Qt\ChartWidget\Mysql\mysql.h(1,1): warning C4828: 文件包含在偏移 0x258 处开始的字符，该字符在当前源字符集中无效(代码页 65001)。
D:\C++\Qt\ChartWidget\Mysql\mysql.h(1,1): warning C4828: 文件包含在偏移 0x25c 处开始的字符，该字符在当前源字符集中无效(代码页 65001)。
D:\C++\Qt\ChartWidget\Mysql\mysql.h(1,1): warning C4828: 文件包含在偏移 0x25d 处开始的字符，该字符在当前源字符集中无效(代码页 65001)。
D:\C++\Qt\ChartWidget\Mysql\mysql.h(1,1): warning C4828: 文件包含在偏移 0x25f 处开始的字符，该字符在当前源字符集中无效(代码页 65001)。
D:\C++\Qt\ChartWidget\Mysql\mysql.h(1,1): warning C4828: 文件包含在偏移 0x262 处开始的字符，该字符在当前源字符集中无效(代码页 65001)。
D:\C++\Qt\ChartWidget\Mysql\mysql.h(1,1): warning C4828: 文件包含在偏移 0x285 处开始的字符，该字符在当前源字符集中无效(代码页 65001)。
D:\C++\Qt\ChartWidget\Mysql\mysql.h(1,1): warning C4828: 文件包含在偏移 0x287 处开始的字符，该字符在当前源字符集中无效(代码页 65001)。
D:\C++\Qt\ChartWidget\Mysql\mysql.h(1,1): warning C4828: 文件包含在偏移 0x288 处开始的字符，该字符在当前源字符集中无效(代码页 65001)。
D:\C++\Qt\ChartWidget\Mysql\mysql.h(1,1): warning C4828: 文件包含在偏移 0x289 处开始的字符，该字符在当前源字符集中无效(代码页 65001)。
D:\C++\Qt\ChartWidget\Mysql\mysql.h(1,1): warning C4828: 文件包含在偏移 0x28b 处开始的字符，该字符在当前源字符集中无效(代码页 65001)。
D:\C++\Qt\ChartWidget\Mysql\mysql.h(1,1): warning C4828: 文件包含在偏移 0x28d 处开始的字符，该字符在当前源字符集中无效(代码页 65001)。
D:\C++\Qt\ChartWidget\Mysql\mysql.h(1,1): warning C4828: 文件包含在偏移 0x2cd 处开始的字符，该字符在当前源字符集中无效(代码页 65001)。
D:\C++\Qt\ChartWidget\Mysql\mysql.h(1,1): warning C4828: 文件包含在偏移 0x2cf 处开始的字符，该字符在当前源字符集中无效(代码页 65001)。
D:\C++\Qt\ChartWidget\Mysql\mysql.h(1,1): warning C4828: 文件包含在偏移 0x2d0 处开始的字符，该字符在当前源字符集中无效(代码页 65001)。
D:\C++\Qt\ChartWidget\Mysql\mysql.h(1,1): warning C4828: 文件包含在偏移 0x2d3 处开始的字符，该字符在当前源字符集中无效(代码页 65001)。
D:\C++\Qt\ChartWidget\Mysql\mysql.h(1,1): warning C4828: 文件包含在偏移 0x2d4 处开始的字符，该字符在当前源字符集中无效(代码页 65001)。
D:\C++\Qt\ChartWidget\Mysql\mysql.h(1,1): warning C4828: 文件包含在偏移 0x321 处开始的字符，该字符在当前源字符集中无效(代码页 65001)。
D:\C++\Qt\ChartWidget\Mysql\mysql.h(1,1): warning C4828: 文件包含在偏移 0x322 处开始的字符，该字符在当前源字符集中无效(代码页 65001)。
D:\C++\Qt\ChartWidget\Mysql\mysql.h(1,1): warning C4828: 文件包含在偏移 0x324 处开始的字符，该字符在当前源字符集中无效(代码页 65001)。
D:\C++\Qt\ChartWidget\Mysql\mysql.h(1,1): warning C4828: 文件包含在偏移 0x325 处开始的字符，该字符在当前源字符集中无效(代码页 65001)。
    正在创建库 D:\C++\Qt\ChartWidget\x64\Release\Mysql.lib 和对象 D:\C++\Qt\ChartWidget\x64\Release\Mysql.exp
  正在生成代码
  8 of 26 functions (30.8%) were compiled, the rest were copied from previous compilation.
    5 functions were new in current compilation
    1 functions had inline decision re-evaluated but remain unchanged
  已完成代码的生成
  Mysql.vcxproj -> D:\C++\Qt\ChartWidget\x64\Release\Mysql.dll
